{"meta": {"format": 3, "version": "7.8.0", "timestamp": "2025-04-25T18:23:27.594573", "branch_coverage": false, "show_contexts": false}, "files": {"ezstitcher/__init__.py": {"executed_lines": [1, 3], "summary": {"covered_lines": 1, "num_statements": 1, "percent_covered": 100.0, "percent_covered_display": "100", "missing_lines": 0, "excluded_lines": 0}, "missing_lines": [], "excluded_lines": [], "functions": {"": {"executed_lines": [1, 3], "summary": {"covered_lines": 1, "num_statements": 1, "percent_covered": 100.0, "percent_covered_display": "100", "missing_lines": 0, "excluded_lines": 0}, "missing_lines": [], "excluded_lines": []}}, "classes": {"": {"executed_lines": [1, 3], "summary": {"covered_lines": 1, "num_statements": 1, "percent_covered": 100.0, "percent_covered_display": "100", "missing_lines": 0, "excluded_lines": 0}, "missing_lines": [], "excluded_lines": []}}}, "ezstitcher/__main__.py": {"executed_lines": [], "summary": {"covered_lines": 0, "num_statements": 8, "percent_covered": 0.0, "percent_covered_display": "0", "missing_lines": 8, "excluded_lines": 0}, "missing_lines": [9, 12, 20, 21, 22, 23, 26, 27], "excluded_lines": [], "functions": {"main": {"executed_lines": [], "summary": {"covered_lines": 0, "num_statements": 4, "percent_covered": 0.0, "percent_covered_display": "0", "missing_lines": 4, "excluded_lines": 0}, "missing_lines": [20, 21, 22, 23], "excluded_lines": []}, "": {"executed_lines": [], "summary": {"covered_lines": 0, "num_statements": 4, "percent_covered": 0.0, "percent_covered_display": "0", "missing_lines": 4, "excluded_lines": 0}, "missing_lines": [9, 12, 26, 27], "excluded_lines": []}}, "classes": {"": {"executed_lines": [], "summary": {"covered_lines": 0, "num_statements": 8, "percent_covered": 0.0, "percent_covered_display": "0", "missing_lines": 8, "excluded_lines": 0}, "missing_lines": [9, 12, 20, 21, 22, 23, 26, 27], "excluded_lines": []}}}, "ezstitcher/core/__init__.py": {"executed_lines": [1, 10, 11, 12, 13, 14, 17, 24, 25], "summary": {"covered_lines": 8, "num_statements": 8, "percent_covered": 100.0, "percent_covered_display": "100", "missing_lines": 0, "excluded_lines": 0}, "missing_lines": [], "excluded_lines": [], "functions": {"": {"executed_lines": [1, 10, 11, 12, 13, 14, 17, 24, 25], "summary": {"covered_lines": 8, "num_statements": 8, "percent_covered": 100.0, "percent_covered_display": "100", "missing_lines": 0, "excluded_lines": 0}, "missing_lines": [], "excluded_lines": []}}, "classes": {"": {"executed_lines": [1, 10, 11, 12, 13, 14, 17, 24, 25], "summary": {"covered_lines": 8, "num_statements": 8, "percent_covered": 100.0, "percent_covered_display": "100", "missing_lines": 0, "excluded_lines": 0}, "missing_lines": [], "excluded_lines": []}}}, "ezstitcher/core/config.py": {"executed_lines": [1, 7, 8, 9, 11, 14, 15, 16, 17, 18, 19, 20, 23, 24, 25, 26, 27, 28, 31, 32, 33, 35, 36, 37, 40, 41, 44, 45], "summary": {"covered_lines": 24, "num_statements": 24, "percent_covered": 100.0, "percent_covered_display": "100", "missing_lines": 0, "excluded_lines": 0}, "missing_lines": [], "excluded_lines": [], "functions": {"": {"executed_lines": [1, 7, 8, 9, 11, 14, 15, 16, 17, 18, 19, 20, 23, 24, 25, 26, 27, 28, 31, 32, 33, 35, 36, 37, 40, 41, 44, 45], "summary": {"covered_lines": 24, "num_statements": 24, "percent_covered": 100.0, "percent_covered_display": "100", "missing_lines": 0, "excluded_lines": 0}, "missing_lines": [], "excluded_lines": []}}, "classes": {"StitcherConfig": {"executed_lines": [], "summary": {"covered_lines": 0, "num_statements": 0, "percent_covered": 100.0, "percent_covered_display": "100", "missing_lines": 0, "excluded_lines": 0}, "missing_lines": [], "excluded_lines": []}, "FocusAnalyzerConfig": {"executed_lines": [], "summary": {"covered_lines": 0, "num_statements": 0, "percent_covered": 100.0, "percent_covered_display": "100", "missing_lines": 0, "excluded_lines": 0}, "missing_lines": [], "excluded_lines": []}, "PipelineConfig": {"executed_lines": [], "summary": {"covered_lines": 0, "num_statements": 0, "percent_covered": 100.0, "percent_covered_display": "100", "missing_lines": 0, "excluded_lines": 0}, "missing_lines": [], "excluded_lines": []}, "": {"executed_lines": [1, 7, 8, 9, 11, 14, 15, 16, 17, 18, 19, 20, 23, 24, 25, 26, 27, 28, 31, 32, 33, 35, 36, 37, 40, 41, 44, 45], "summary": {"covered_lines": 24, "num_statements": 24, "percent_covered": 100.0, "percent_covered_display": "100", "missing_lines": 0, "excluded_lines": 0}, "missing_lines": [], "excluded_lines": []}}}, "ezstitcher/core/file_system_manager.py": {"executed_lines": [1, 7, 8, 9, 10, 11, 12, 13, 14, 15, 16, 20, 21, 22, 24, 27, 28, 33, 37, 38, 48, 49, 50, 52, 53, 70, 71, 75, 79, 80, 90, 91, 94, 107, 112, 113, 126, 128, 129, 132, 133, 138, 139, 154, 156, 157, 160, 161, 166, 167, 182, 183, 184, 186, 187, 191, 196, 197, 234, 235, 247, 248, 251, 252, 253, 254, 257, 258, 259, 260, 261, 269, 270, 282, 283, 285, 286, 287, 288, 289, 290, 300, 301, 327, 328, 342, 344, 347, 353, 356, 357, 358, 361, 362, 367, 369, 370, 371, 379, 390, 391, 394, 395, 396, 398, 399, 400, 404, 406, 407, 419, 422, 428, 430, 431, 443, 447, 448, 451, 454, 456, 458, 460, 461, 465, 474, 475, 478, 479, 481, 483, 484, 497, 498, 501, 506, 511, 512, 513, 520, 521, 538, 539, 542, 547, 556, 559, 562, 563, 564, 565, 566, 569, 571, 572, 573, 576, 577, 580, 583, 587, 589, 591, 595, 596, 600, 601, 607], "summary": {"covered_lines": 166, "num_statements": 255, "percent_covered": 65.09803921568627, "percent_covered_display": "65", "missing_lines": 89, "excluded_lines": 0}, "missing_lines": [96, 98, 100, 102, 105, 108, 109, 110, 134, 135, 136, 162, 163, 164, 189, 192, 193, 194, 211, 212, 214, 215, 216, 219, 220, 222, 223, 225, 226, 228, 229, 230, 231, 264, 265, 266, 267, 293, 294, 295, 296, 297, 314, 315, 316, 317, 318, 319, 321, 322, 323, 324, 325, 348, 349, 350, 363, 374, 375, 376, 401, 402, 444, 445, 449, 462, 502, 503, 507, 508, 514, 515, 516, 543, 544, 548, 549, 550, 551, 552, 553, 584, 592, 597, 598, 602, 603, 604, 605], "excluded_lines": [], "functions": {"FileSystemManager.ensure_directory": {"executed_lines": [48, 49, 50], "summary": {"covered_lines": 3, "num_statements": 3, "percent_covered": 100.0, "percent_covered_display": "100", "missing_lines": 0, "excluded_lines": 0}, "missing_lines": [], "excluded_lines": []}, "FileSystemManager.list_image_files": {"executed_lines": [70, 71, 75], "summary": {"covered_lines": 3, "num_statements": 3, "percent_covered": 100.0, "percent_covered_display": "100", "missing_lines": 0, "excluded_lines": 0}, "missing_lines": [], "excluded_lines": []}, "FileSystemManager.load_image": {"executed_lines": [90, 91, 94, 107], "summary": {"covered_lines": 4, "num_statements": 12, "percent_covered": 33.333333333333336, "percent_covered_display": "33", "missing_lines": 8, "excluded_lines": 0}, "missing_lines": [96, 98, 100, 102, 105, 108, 109, 110], "excluded_lines": []}, "FileSystemManager.save_image": {"executed_lines": [126, 128, 129, 132, 133], "summary": {"covered_lines": 5, "num_statements": 8, "percent_covered": 62.5, "percent_covered_display": "62", "missing_lines": 3, "excluded_lines": 0}, "missing_lines": [134, 135, 136], "excluded_lines": []}, "FileSystemManager.copy_file": {"executed_lines": [154, 156, 157, 160, 161], "summary": {"covered_lines": 5, "num_statements": 8, "percent_covered": 62.5, "percent_covered_display": "62", "missing_lines": 3, "excluded_lines": 0}, "missing_lines": [162, 163, 164], "excluded_lines": []}, "FileSystemManager.remove_directory": {"executed_lines": [182, 183, 184, 186, 187, 191], "summary": {"covered_lines": 6, "num_statements": 10, "percent_covered": 60.0, "percent_covered_display": "60", "missing_lines": 4, "excluded_lines": 0}, "missing_lines": [189, 192, 193, 194], "excluded_lines": []}, "FileSystemManager.empty_directory": {"executed_lines": [], "summary": {"covered_lines": 0, "num_statements": 15, "percent_covered": 0.0, "percent_covered_display": "0", "missing_lines": 15, "excluded_lines": 0}, "missing_lines": [211, 212, 214, 215, 216, 219, 220, 222, 223, 225, 226, 228, 229, 230, 231], "excluded_lines": []}, "FileSystemManager.find_file_recursive": {"executed_lines": [247, 248, 251, 252, 253, 254, 257, 258, 259, 260, 261], "summary": {"covered_lines": 11, "num_statements": 15, "percent_covered": 73.33333333333333, "percent_covered_display": "73", "missing_lines": 4, "excluded_lines": 0}, "missing_lines": [264, 265, 266, 267], "excluded_lines": []}, "FileSystemManager.find_directory_substring_recursive": {"executed_lines": [282, 283, 285, 286, 287, 288, 289, 290], "summary": {"covered_lines": 8, "num_statements": 13, "percent_covered": 61.53846153846154, "percent_covered_display": "62", "missing_lines": 5, "excluded_lines": 0}, "missing_lines": [293, 294, 295, 296, 297], "excluded_lines": []}, "FileSystemManager._detect_parser": {"executed_lines": [], "summary": {"covered_lines": 0, "num_statements": 11, "percent_covered": 0.0, "percent_covered_display": "0", "missing_lines": 11, "excluded_lines": 0}, "missing_lines": [314, 315, 316, 317, 318, 319, 321, 322, 323, 324, 325], "excluded_lines": []}, "FileSystemManager.rename_files_with_consistent_padding": {"executed_lines": [342, 344, 347, 353, 356, 357, 358, 361, 362, 367, 369, 370, 371, 379, 390, 391, 394, 395, 396, 398, 399, 400, 404], "summary": {"covered_lines": 23, "num_statements": 32, "percent_covered": 71.875, "percent_covered_display": "72", "missing_lines": 9, "excluded_lines": 0}, "missing_lines": [348, 349, 350, 363, 374, 375, 376, 401, 402], "excluded_lines": []}, "FileSystemManager.detect_zstack_folders": {"executed_lines": [419, 422, 428], "summary": {"covered_lines": 3, "num_statements": 3, "percent_covered": 100.0, "percent_covered_display": "100", "missing_lines": 0, "excluded_lines": 0}, "missing_lines": [], "excluded_lines": []}, "FileSystemManager.organize_zstack_folders": {"executed_lines": [443, 447, 448, 451, 454, 456, 458, 460, 461, 465, 474, 475, 478, 479, 481], "summary": {"covered_lines": 15, "num_statements": 19, "percent_covered": 78.94736842105263, "percent_covered_display": "79", "missing_lines": 4, "excluded_lines": 0}, "missing_lines": [444, 445, 449, 462], "excluded_lines": []}, "FileSystemManager.delete_file": {"executed_lines": [497, 498, 501, 506, 511, 512, 513], "summary": {"covered_lines": 7, "num_statements": 14, "percent_covered": 50.0, "percent_covered_display": "50", "missing_lines": 7, "excluded_lines": 0}, "missing_lines": [502, 503, 507, 508, 514, 515, 516], "excluded_lines": []}, "FileSystemManager.mirror_directory_with_symlinks": {"executed_lines": [538, 539, 542, 547, 556, 559, 562, 563, 564, 565, 566, 569, 571, 572, 573, 576, 577, 580, 583, 587, 589, 591, 595, 596, 600, 601, 607], "summary": {"covered_lines": 27, "num_statements": 43, "percent_covered": 62.7906976744186, "percent_covered_display": "63", "missing_lines": 16, "excluded_lines": 0}, "missing_lines": [543, 544, 548, 549, 550, 551, 552, 553, 584, 592, 597, 598, 602, 603, 604, 605], "excluded_lines": []}, "": {"executed_lines": [1, 7, 8, 9, 10, 11, 12, 13, 14, 15, 16, 20, 21, 22, 24, 27, 28, 33, 37, 38, 52, 53, 79, 80, 112, 113, 138, 139, 166, 167, 196, 197, 234, 235, 269, 270, 300, 301, 327, 328, 406, 407, 430, 431, 483, 484, 520, 521], "summary": {"covered_lines": 46, "num_statements": 46, "percent_covered": 100.0, "percent_covered_display": "100", "missing_lines": 0, "excluded_lines": 0}, "missing_lines": [], "excluded_lines": []}}, "classes": {"FileSystemManager": {"executed_lines": [48, 49, 50, 70, 71, 75, 90, 91, 94, 107, 126, 128, 129, 132, 133, 154, 156, 157, 160, 161, 182, 183, 184, 186, 187, 191, 247, 248, 251, 252, 253, 254, 257, 258, 259, 260, 261, 282, 283, 285, 286, 287, 288, 289, 290, 342, 344, 347, 353, 356, 357, 358, 361, 362, 367, 369, 370, 371, 379, 390, 391, 394, 395, 396, 398, 399, 400, 404, 419, 422, 428, 443, 447, 448, 451, 454, 456, 458, 460, 461, 465, 474, 475, 478, 479, 481, 497, 498, 501, 506, 511, 512, 513, 538, 539, 542, 547, 556, 559, 562, 563, 564, 565, 566, 569, 571, 572, 573, 576, 577, 580, 583, 587, 589, 591, 595, 596, 600, 601, 607], "summary": {"covered_lines": 120, "num_statements": 209, "percent_covered": 57.41626794258373, "percent_covered_display": "57", "missing_lines": 89, "excluded_lines": 0}, "missing_lines": [96, 98, 100, 102, 105, 108, 109, 110, 134, 135, 136, 162, 163, 164, 189, 192, 193, 194, 211, 212, 214, 215, 216, 219, 220, 222, 223, 225, 226, 228, 229, 230, 231, 264, 265, 266, 267, 293, 294, 295, 296, 297, 314, 315, 316, 317, 318, 319, 321, 322, 323, 324, 325, 348, 349, 350, 363, 374, 375, 376, 401, 402, 444, 445, 449, 462, 502, 503, 507, 508, 514, 515, 516, 543, 544, 548, 549, 550, 551, 552, 553, 584, 592, 597, 598, 602, 603, 604, 605], "excluded_lines": []}, "": {"executed_lines": [1, 7, 8, 9, 10, 11, 12, 13, 14, 15, 16, 20, 21, 22, 24, 27, 28, 33, 37, 38, 52, 53, 79, 80, 112, 113, 138, 139, 166, 167, 196, 197, 234, 235, 269, 270, 300, 301, 327, 328, 406, 407, 430, 431, 483, 484, 520, 521], "summary": {"covered_lines": 46, "num_statements": 46, "percent_covered": 100.0, "percent_covered_display": "100", "missing_lines": 0, "excluded_lines": 0}, "missing_lines": [], "excluded_lines": []}}}, "ezstitcher/core/focus_analyzer.py": {"executed_lines": [1, 2, 3, 4, 5, 7, 9, 10, 17, 18, 19, 21, 41, 59, 82, 117, 157, 186, 221, 236], "summary": {"covered_lines": 19, "num_statements": 82, "percent_covered": 23.170731707317074, "percent_covered_display": "23", "missing_lines": 63, "excluded_lines": 0}, "missing_lines": [35, 36, 37, 39, 56, 57, 75, 76, 77, 78, 80, 97, 98, 99, 102, 103, 106, 107, 110, 113, 115, 130, 131, 142, 143, 144, 145, 148, 155, 173, 174, 175, 176, 177, 178, 179, 180, 181, 182, 184, 198, 201, 204, 206, 207, 208, 210, 213, 214, 217, 219, 233, 234, 248, 251, 254, 256, 257, 258, 260, 263, 264, 266], "excluded_lines": [], "functions": {"FocusAnalyzer.__init__": {"executed_lines": [18, 19], "summary": {"covered_lines": 2, "num_statements": 2, "percent_covered": 100.0, "percent_covered_display": "100", "missing_lines": 0, "excluded_lines": 0}, "missing_lines": [], "excluded_lines": []}, "FocusAnalyzer.normalized_variance": {"executed_lines": [], "summary": {"covered_lines": 0, "num_statements": 4, "percent_covered": 0.0, "percent_covered_display": "0", "missing_lines": 4, "excluded_lines": 0}, "missing_lines": [35, 36, 37, 39], "excluded_lines": []}, "FocusAnalyzer.laplacian_energy": {"executed_lines": [], "summary": {"covered_lines": 0, "num_statements": 2, "percent_covered": 0.0, "percent_covered_display": "0", "missing_lines": 2, "excluded_lines": 0}, "missing_lines": [56, 57], "excluded_lines": []}, "FocusAnalyzer.tenengrad_variance": {"executed_lines": [], "summary": {"covered_lines": 0, "num_statements": 5, "percent_covered": 0.0, "percent_covered_display": "0", "missing_lines": 5, "excluded_lines": 0}, "missing_lines": [75, 76, 77, 78, 80], "excluded_lines": []}, "FocusAnalyzer.adaptive_fft_focus": {"executed_lines": [], "summary": {"covered_lines": 0, "num_statements": 10, "percent_covered": 0.0, "percent_covered_display": "0", "missing_lines": 10, "excluded_lines": 0}, "missing_lines": [97, 98, 99, 102, 103, 106, 107, 110, 113, 115], "excluded_lines": []}, "FocusAnalyzer.combined_focus_measure": {"executed_lines": [], "summary": {"covered_lines": 0, "num_statements": 8, "percent_covered": 0.0, "percent_covered_display": "0", "missing_lines": 8, "excluded_lines": 0}, "missing_lines": [130, 131, 142, 143, 144, 145, 148, 155], "excluded_lines": []}, "FocusAnalyzer._get_focus_function": {"executed_lines": [], "summary": {"covered_lines": 0, "num_statements": 11, "percent_covered": 0.0, "percent_covered_display": "0", "missing_lines": 11, "excluded_lines": 0}, "missing_lines": [173, 174, 175, 176, 177, 178, 179, 180, 181, 182, 184], "excluded_lines": []}, "FocusAnalyzer.find_best_focus": {"executed_lines": [], "summary": {"covered_lines": 0, "num_statements": 11, "percent_covered": 0.0, "percent_covered_display": "0", "missing_lines": 11, "excluded_lines": 0}, "missing_lines": [198, 201, 204, 206, 207, 208, 210, 213, 214, 217, 219], "excluded_lines": []}, "FocusAnalyzer.select_best_focus": {"executed_lines": [], "summary": {"covered_lines": 0, "num_statements": 2, "percent_covered": 0.0, "percent_covered_display": "0", "missing_lines": 2, "excluded_lines": 0}, "missing_lines": [233, 234], "excluded_lines": []}, "FocusAnalyzer.compute_focus_metrics": {"executed_lines": [], "summary": {"covered_lines": 0, "num_statements": 10, "percent_covered": 0.0, "percent_covered_display": "0", "missing_lines": 10, "excluded_lines": 0}, "missing_lines": [248, 251, 254, 256, 257, 258, 260, 263, 264, 266], "excluded_lines": []}, "": {"executed_lines": [1, 2, 3, 4, 5, 7, 9, 10, 17, 21, 41, 59, 82, 117, 157, 186, 221, 236], "summary": {"covered_lines": 17, "num_statements": 17, "percent_covered": 100.0, "percent_covered_display": "100", "missing_lines": 0, "excluded_lines": 0}, "missing_lines": [], "excluded_lines": []}}, "classes": {"FocusAnalyzer": {"executed_lines": [18, 19], "summary": {"covered_lines": 2, "num_statements": 65, "percent_covered": 3.076923076923077, "percent_covered_display": "3", "missing_lines": 63, "excluded_lines": 0}, "missing_lines": [35, 36, 37, 39, 56, 57, 75, 76, 77, 78, 80, 97, 98, 99, 102, 103, 106, 107, 110, 113, 115, 130, 131, 142, 143, 144, 145, 148, 155, 173, 174, 175, 176, 177, 178, 179, 180, 181, 182, 184, 198, 201, 204, 206, 207, 208, 210, 213, 214, 217, 219, 233, 234, 248, 251, 254, 256, 257, 258, 260, 263, 264, 266], "excluded_lines": []}, "": {"executed_lines": [1, 2, 3, 4, 5, 7, 9, 10, 17, 21, 41, 59, 82, 117, 157, 186, 221, 236], "summary": {"covered_lines": 17, "num_statements": 17, "percent_covered": 100.0, "percent_covered_display": "100", "missing_lines": 0, "excluded_lines": 0}, "missing_lines": [], "excluded_lines": []}}}, "ezstitcher/core/image_locator.py": {"executed_lines": [1, 7, 8, 9, 10, 11, 13, 16, 17, 21, 23, 24, 41, 42, 46, 47, 50, 51, 52, 54, 57, 59, 61, 64, 65, 100, 101, 115, 116, 120, 121, 124, 126, 127, 128, 130, 131, 132, 136, 139, 140, 143, 145, 146, 148, 149, 171, 172, 187, 188, 192, 193, 195, 196, 198, 201, 204, 208, 209, 210, 211, 214], "summary": {"covered_lines": 60, "num_statements": 87, "percent_covered": 68.96551724137932, "percent_covered_display": "69", "missing_lines": 27, "excluded_lines": 0}, "missing_lines": [43, 44, 79, 80, 81, 82, 84, 85, 88, 89, 91, 92, 93, 94, 95, 97, 117, 118, 133, 134, 161, 162, 163, 166, 169, 189, 205], "excluded_lines": [], "functions": {"ImageLocator.find_images_in_directory": {"executed_lines": [41, 42, 46, 47, 50, 51, 52, 54, 57, 59, 61], "summary": {"covered_lines": 11, "num_statements": 13, "percent_covered": 84.61538461538461, "percent_covered_display": "85", "missing_lines": 2, "excluded_lines": 0}, "missing_lines": [43, 44], "excluded_lines": []}, "ImageLocator.find_images_by_pattern": {"executed_lines": [], "summary": {"covered_lines": 0, "num_statements": 14, "percent_covered": 0.0, "percent_covered_display": "0", "missing_lines": 14, "excluded_lines": 0}, "missing_lines": [79, 80, 81, 82, 84, 85, 88, 89, 91, 92, 93, 94, 95, 97], "excluded_lines": []}, "ImageLocator.find_z_stack_dirs": {"executed_lines": [115, 116, 120, 121, 124, 126, 127, 128, 130, 131, 132, 136, 139, 140, 143, 145, 146], "summary": {"covered_lines": 17, "num_statements": 21, "percent_covered": 80.95238095238095, "percent_covered_display": "81", "missing_lines": 4, "excluded_lines": 0}, "missing_lines": [117, 118, 133, 134], "excluded_lines": []}, "ImageLocator.find_image_locations": {"executed_lines": [], "summary": {"covered_lines": 0, "num_statements": 5, "percent_covered": 0.0, "percent_covered_display": "0", "missing_lines": 5, "excluded_lines": 0}, "missing_lines": [161, 162, 163, 166, 169], "excluded_lines": []}, "ImageLocator.find_image_directory": {"executed_lines": [187, 188, 192, 193, 195, 196, 198, 201, 204, 208, 209, 210, 211, 214], "summary": {"covered_lines": 14, "num_statements": 16, "percent_covered": 87.5, "percent_covered_display": "88", "missing_lines": 2, "excluded_lines": 0}, "missing_lines": [189, 205], "excluded_lines": []}, "": {"executed_lines": [1, 7, 8, 9, 10, 11, 13, 16, 17, 21, 23, 24, 64, 65, 100, 101, 148, 149, 171, 172], "summary": {"covered_lines": 18, "num_statements": 18, "percent_covered": 100.0, "percent_covered_display": "100", "missing_lines": 0, "excluded_lines": 0}, "missing_lines": [], "excluded_lines": []}}, "classes": {"ImageLocator": {"executed_lines": [41, 42, 46, 47, 50, 51, 52, 54, 57, 59, 61, 115, 116, 120, 121, 124, 126, 127, 128, 130, 131, 132, 136, 139, 140, 143, 145, 146, 187, 188, 192, 193, 195, 196, 198, 201, 204, 208, 209, 210, 211, 214], "summary": {"covered_lines": 42, "num_statements": 69, "percent_covered": 60.869565217391305, "percent_covered_display": "61", "missing_lines": 27, "excluded_lines": 0}, "missing_lines": [43, 44, 79, 80, 81, 82, 84, 85, 88, 89, 91, 92, 93, 94, 95, 97, 117, 118, 133, 134, 161, 162, 163, 166, 169, 189, 205], "excluded_lines": []}, "": {"executed_lines": [1, 7, 8, 9, 10, 11, 13, 16, 17, 21, 23, 24, 64, 65, 100, 101, 148, 149, 171, 172], "summary": {"covered_lines": 18, "num_statements": 18, "percent_covered": 100.0, "percent_covered_display": "100", "missing_lines": 0, "excluded_lines": 0}, "missing_lines": [], "excluded_lines": []}}}, "ezstitcher/core/image_processor.py": {"executed_lines": [1, 2, 3, 5, 8, 21, 22, 24, 25, 26, 27, 28, 29, 31, 32, 33, 34, 35, 36, 39, 41, 49, 50, 55, 56, 76, 77, 103, 104, 117, 120, 123, 126, 129, 132, 133, 135, 137, 138, 164, 165, 193, 194, 210, 211, 214, 215, 218, 222, 223, 224, 226, 228, 229, 241, 245, 247, 252, 255, 258, 261, 262, 263, 266, 267, 270, 271, 272, 276, 277, 280, 281, 284, 285, 286, 290, 292, 293, 314, 315, 328, 329, 340, 341, 344, 346, 347, 364, 365, 385, 386, 389, 392, 393, 397, 398, 401, 404, 407, 408, 420, 421, 434, 435, 437, 441, 447, 450, 453, 454, 460, 463, 465], "summary": {"covered_lines": 112, "num_statements": 167, "percent_covered": 67.06586826347305, "percent_covered_display": "67", "missing_lines": 55, "excluded_lines": 0}, "missing_lines": [68, 69, 71, 72, 73, 74, 89, 92, 93, 95, 98, 99, 101, 121, 151, 152, 155, 156, 159, 160, 162, 180, 183, 184, 187, 188, 189, 191, 219, 242, 248, 249, 253, 259, 273, 288, 305, 306, 309, 310, 312, 326, 358, 359, 362, 422, 423, 424, 425, 426, 427, 428, 429, 431, 432], "excluded_lines": [], "functions": {"create_linear_weight_mask": {"executed_lines": [21, 22, 24, 25, 26, 27, 28, 29, 31, 32, 33, 34, 35, 36, 39, 41], "summary": {"covered_lines": 16, "num_statements": 16, "percent_covered": 100.0, "percent_covered_display": "100", "missing_lines": 0, "excluded_lines": 0}, "missing_lines": [], "excluded_lines": []}, "ImageProcessor.preprocess": {"executed_lines": [], "summary": {"covered_lines": 0, "num_statements": 6, "percent_covered": 0.0, "percent_covered_display": "0", "missing_lines": 6, "excluded_lines": 0}, "missing_lines": [68, 69, 71, 72, 73, 74], "excluded_lines": []}, "ImageProcessor.blur": {"executed_lines": [], "summary": {"covered_lines": 0, "num_statements": 7, "percent_covered": 0.0, "percent_covered_display": "0", "missing_lines": 7, "excluded_lines": 0}, "missing_lines": [89, 92, 93, 95, 98, 99, 101], "excluded_lines": []}, "ImageProcessor.sharpen": {"executed_lines": [117, 120, 123, 126, 129, 132, 133, 135], "summary": {"covered_lines": 8, "num_statements": 9, "percent_covered": 88.88888888888889, "percent_covered_display": "89", "missing_lines": 1, "excluded_lines": 0}, "missing_lines": [121], "excluded_lines": []}, "ImageProcessor.normalize": {"executed_lines": [], "summary": {"covered_lines": 0, "num_statements": 7, "percent_covered": 0.0, "percent_covered_display": "0", "missing_lines": 7, "excluded_lines": 0}, "missing_lines": [151, 152, 155, 156, 159, 160, 162], "excluded_lines": []}, "ImageProcessor.percentile_normalize": {"executed_lines": [], "summary": {"covered_lines": 0, "num_statements": 7, "percent_covered": 0.0, "percent_covered_display": "0", "missing_lines": 7, "excluded_lines": 0}, "missing_lines": [180, 183, 184, 187, 188, 189, 191], "excluded_lines": []}, "ImageProcessor.stack_percentile_normalize": {"executed_lines": [210, 211, 214, 215, 218, 222, 223, 224, 226], "summary": {"covered_lines": 9, "num_statements": 10, "percent_covered": 90.0, "percent_covered_display": "90", "missing_lines": 1, "excluded_lines": 0}, "missing_lines": [219], "excluded_lines": []}, "ImageProcessor.create_composite": {"executed_lines": [241, 245, 247, 252, 255, 258, 261, 262, 263, 266, 267, 270, 271, 272, 276, 277, 280, 281, 284, 285, 286, 290], "summary": {"covered_lines": 22, "num_statements": 29, "percent_covered": 75.86206896551724, "percent_covered_display": "76", "missing_lines": 7, "excluded_lines": 0}, "missing_lines": [242, 248, 249, 253, 259, 273, 288], "excluded_lines": []}, "ImageProcessor.apply_mask": {"executed_lines": [], "summary": {"covered_lines": 0, "num_statements": 5, "percent_covered": 0.0, "percent_covered_display": "0", "missing_lines": 5, "excluded_lines": 0}, "missing_lines": [305, 306, 309, 310, 312], "excluded_lines": []}, "ImageProcessor.create_weight_mask": {"executed_lines": [], "summary": {"covered_lines": 0, "num_statements": 1, "percent_covered": 0.0, "percent_covered_display": "0", "missing_lines": 1, "excluded_lines": 0}, "missing_lines": [326], "excluded_lines": []}, "ImageProcessor.max_projection": {"executed_lines": [340, 341, 344], "summary": {"covered_lines": 3, "num_statements": 3, "percent_covered": 100.0, "percent_covered_display": "100", "missing_lines": 0, "excluded_lines": 0}, "missing_lines": [], "excluded_lines": []}, "ImageProcessor.mean_projection": {"executed_lines": [], "summary": {"covered_lines": 0, "num_statements": 3, "percent_covered": 0.0, "percent_covered_display": "0", "missing_lines": 3, "excluded_lines": 0}, "missing_lines": [358, 359, 362], "excluded_lines": []}, "ImageProcessor.stack_equalize_histogram": {"executed_lines": [385, 386, 389, 392, 393, 397, 398, 401, 404], "summary": {"covered_lines": 9, "num_statements": 9, "percent_covered": 100.0, "percent_covered_display": "100", "missing_lines": 0, "excluded_lines": 0}, "missing_lines": [], "excluded_lines": []}, "ImageProcessor.create_projection": {"executed_lines": [420, 421], "summary": {"covered_lines": 2, "num_statements": 12, "percent_covered": 16.666666666666668, "percent_covered_display": "17", "missing_lines": 10, "excluded_lines": 0}, "missing_lines": [422, 423, 424, 425, 426, 427, 428, 429, 431, 432], "excluded_lines": []}, "ImageProcessor.tophat": {"executed_lines": [437, 441, 447, 450, 453, 454, 460, 463, 465], "summary": {"covered_lines": 9, "num_statements": 9, "percent_covered": 100.0, "percent_covered_display": "100", "missing_lines": 0, "excluded_lines": 0}, "missing_lines": [], "excluded_lines": []}, "": {"executed_lines": [1, 2, 3, 5, 8, 49, 50, 55, 56, 76, 77, 103, 104, 137, 138, 164, 165, 193, 194, 228, 229, 292, 293, 314, 315, 328, 329, 346, 347, 364, 365, 407, 408, 434, 435], "summary": {"covered_lines": 34, "num_statements": 34, "percent_covered": 100.0, "percent_covered_display": "100", "missing_lines": 0, "excluded_lines": 0}, "missing_lines": [], "excluded_lines": []}}, "classes": {"ImageProcessor": {"executed_lines": [117, 120, 123, 126, 129, 132, 133, 135, 210, 211, 214, 215, 218, 222, 223, 224, 226, 241, 245, 247, 252, 255, 258, 261, 262, 263, 266, 267, 270, 271, 272, 276, 277, 280, 281, 284, 285, 286, 290, 340, 341, 344, 385, 386, 389, 392, 393, 397, 398, 401, 404, 420, 421, 437, 441, 447, 450, 453, 454, 460, 463, 465], "summary": {"covered_lines": 62, "num_statements": 117, "percent_covered": 52.99145299145299, "percent_covered_display": "53", "missing_lines": 55, "excluded_lines": 0}, "missing_lines": [68, 69, 71, 72, 73, 74, 89, 92, 93, 95, 98, 99, 101, 121, 151, 152, 155, 156, 159, 160, 162, 180, 183, 184, 187, 188, 189, 191, 219, 242, 248, 249, 253, 259, 273, 288, 305, 306, 309, 310, 312, 326, 358, 359, 362, 422, 423, 424, 425, 426, 427, 428, 429, 431, 432], "excluded_lines": []}, "": {"executed_lines": [1, 2, 3, 5, 8, 21, 22, 24, 25, 26, 27, 28, 29, 31, 32, 33, 34, 35, 36, 39, 41, 49, 50, 55, 56, 76, 77, 103, 104, 137, 138, 164, 165, 193, 194, 228, 229, 292, 293, 314, 315, 328, 329, 346, 347, 364, 365, 407, 408, 434, 435], "summary": {"covered_lines": 50, "num_statements": 50, "percent_covered": 100.0, "percent_covered_display": "100", "missing_lines": 0, "excluded_lines": 0}, "missing_lines": [], "excluded_lines": []}}}, "ezstitcher/core/main.py": {"executed_lines": [], "summary": {"covered_lines": 0, "num_statements": 23, "percent_covered": 0.0, "percent_covered_display": "0", "missing_lines": 23, "excluded_lines": 0}, "missing_lines": [7, 8, 11, 14, 16, 24, 25, 26, 27, 28, 29, 32, 33, 34, 35, 39, 55, 58, 59, 60, 63, 66, 67], "excluded_lines": [], "functions": {"apply_nested_overrides": {"executed_lines": [], "summary": {"covered_lines": 0, "num_statements": 10, "percent_covered": 0.0, "percent_covered_display": "0", "missing_lines": 10, "excluded_lines": 0}, "missing_lines": [24, 25, 26, 27, 28, 29, 32, 33, 34, 35], "excluded_lines": []}, "process_plate": {"executed_lines": [], "summary": {"covered_lines": 0, "num_statements": 7, "percent_covered": 0.0, "percent_covered_display": "0", "missing_lines": 7, "excluded_lines": 0}, "missing_lines": [55, 58, 59, 60, 63, 66, 67], "excluded_lines": []}, "": {"executed_lines": [], "summary": {"covered_lines": 0, "num_statements": 6, "percent_covered": 0.0, "percent_covered_display": "0", "missing_lines": 6, "excluded_lines": 0}, "missing_lines": [7, 8, 11, 14, 16, 39], "excluded_lines": []}}, "classes": {"": {"executed_lines": [], "summary": {"covered_lines": 0, "num_statements": 23, "percent_covered": 0.0, "percent_covered_display": "0", "missing_lines": 23, "excluded_lines": 0}, "missing_lines": [7, 8, 11, 14, 16, 24, 25, 26, 27, 28, 29, 32, 33, 34, 35, 39, 55, 58, 59, 60, 63, 66, 67], "excluded_lines": []}}}, "ezstitcher/core/microscope_interfaces.py": {"executed_lines": [1, 8, 9, 10, 11, 12, 13, 14, 15, 16, 17, 18, 20, 23, 24, 29, 30, 32, 33, 34, 46, 47, 59, 60, 82, 93, 96, 100, 101, 106, 107, 108, 109, 113, 114, 118, 119, 121, 122, 125, 126, 127, 129, 130, 133, 134, 138, 140, 151, 152, 154, 156, 168, 170, 172, 173, 175, 177, 178, 179, 180, 189, 191, 209, 213, 215, 219, 220, 222, 225, 228, 230, 232, 244, 245, 246, 248, 249, 252, 253, 254, 255, 258, 261, 262, 263, 266, 267, 268, 271, 279, 281, 285, 287, 290, 291, 292, 293, 296, 298, 299, 301, 303, 305, 316, 319, 321, 322, 323, 327, 328, 329, 330, 332, 333, 336, 337, 338, 342, 345, 346, 347, 348, 349, 351, 354, 362, 364, 367, 368, 372, 373, 385, 386, 398, 399, 412, 413, 415, 416, 418, 419, 421, 422, 424, 425, 427, 430, 431, 432, 435, 436, 437, 440, 443, 444, 446, 447, 451, 452, 454, 456, 458, 459, 460, 464, 466, 469, 471, 473, 476, 477, 478, 479, 480, 481, 484, 485, 486, 487, 494, 496, 497, 499, 504, 506, 508, 514, 518, 521, 530, 536, 540, 542, 544, 546, 548, 561, 563, 564, 566, 567, 568, 570, 571, 574, 575, 576, 578, 579, 582, 583, 584, 587, 591, 592, 593, 594, 597, 598, 599, 603, 604, 607, 608, 609, 612, 617, 618, 619, 622, 623, 624, 627, 628, 629, 630, 631, 634, 636, 638, 639, 640, 645, 647, 650, 654, 655, 656, 657, 659, 660, 667, 668, 669, 672, 673, 674, 675, 676, 677, 680, 682, 684, 687, 690, 700, 701, 702, 704, 705, 706, 707, 708, 711, 712, 713, 715, 716, 718, 719, 723, 724, 727, 728, 730, 731, 735, 739, 741], "summary": {"covered_lines": 286, "num_statements": 336, "percent_covered": 85.11904761904762, "percent_covered_display": "85", "missing_lines": 50, "excluded_lines": 0}, "missing_lines": [44, 57, 80, 97, 102, 103, 110, 115, 135, 183, 184, 185, 186, 187, 210, 216, 226, 272, 273, 274, 275, 276, 282, 283, 294, 324, 339, 383, 396, 409, 448, 449, 462, 467, 474, 489, 490, 491, 492, 532, 538, 646, 648, 720, 721, 732, 733, 734, 736, 737], "excluded_lines": [], "functions": {"FilenameParser.can_parse": {"executed_lines": [], "summary": {"covered_lines": 0, "num_statements": 1, "percent_covered": 0.0, "percent_covered_display": "0", "missing_lines": 1, "excluded_lines": 0}, "missing_lines": [44], "excluded_lines": []}, "FilenameParser.parse_filename": {"executed_lines": [], "summary": {"covered_lines": 0, "num_statements": 1, "percent_covered": 0.0, "percent_covered_display": "0", "missing_lines": 1, "excluded_lines": 0}, "missing_lines": [57], "excluded_lines": []}, "FilenameParser.construct_filename": {"executed_lines": [], "summary": {"covered_lines": 0, "num_statements": 1, "percent_covered": 0.0, "percent_covered_display": "0", "missing_lines": 1, "excluded_lines": 0}, "missing_lines": [80], "excluded_lines": []}, "FilenameParser.path_list_from_pattern": {"executed_lines": [93, 96, 100, 101, 106, 107, 108, 109, 113, 114, 118, 119, 121, 122, 125, 126, 127, 129, 130, 133, 134, 138], "summary": {"covered_lines": 22, "num_statements": 28, "percent_covered": 78.57142857142857, "percent_covered_display": "79", "missing_lines": 6, "excluded_lines": 0}, "missing_lines": [97, 102, 103, 110, 115, 135], "excluded_lines": []}, "FilenameParser._natural_sort": {"executed_lines": [151, 154], "summary": {"covered_lines": 2, "num_statements": 2, "percent_covered": 100.0, "percent_covered_display": "100", "missing_lines": 0, "excluded_lines": 0}, "missing_lines": [], "excluded_lines": []}, "FilenameParser._natural_sort.natural_sort_key": {"executed_lines": [152], "summary": {"covered_lines": 1, "num_statements": 1, "percent_covered": 100.0, "percent_covered_display": "100", "missing_lines": 0, "excluded_lines": 0}, "missing_lines": [], "excluded_lines": []}, "FilenameParser.group_patterns_by_component": {"executed_lines": [168, 170, 172, 173, 175, 177, 178, 179, 180, 189], "summary": {"covered_lines": 10, "num_statements": 15, "percent_covered": 66.66666666666667, "percent_covered_display": "67", "missing_lines": 5, "excluded_lines": 0}, "missing_lines": [183, 184, 185, 186, 187], "excluded_lines": []}, "FilenameParser.auto_detect_patterns": {"executed_lines": [209, 213, 215, 219, 220, 222, 225, 228, 230], "summary": {"covered_lines": 9, "num_statements": 12, "percent_covered": 75.0, "percent_covered_display": "75", "missing_lines": 3, "excluded_lines": 0}, "missing_lines": [210, 216, 226], "excluded_lines": []}, "FilenameParser._find_and_filter_images": {"executed_lines": [244, 245, 246, 248, 249, 252, 253, 254, 255, 258, 261, 262, 263, 266, 267, 268, 271, 279, 281, 285, 287, 290, 291, 292, 293, 296, 298, 299, 301, 303], "summary": {"covered_lines": 30, "num_statements": 38, "percent_covered": 78.94736842105263, "percent_covered_display": "79", "missing_lines": 8, "excluded_lines": 0}, "missing_lines": [272, 273, 274, 275, 276, 282, 283, 294], "excluded_lines": []}, "FilenameParser._generate_patterns_for_files": {"executed_lines": [316, 319, 321, 322, 323, 327, 328, 329, 330, 332, 333, 336, 337, 338, 342, 345, 346, 347, 348, 349, 351, 354, 362, 364], "summary": {"covered_lines": 24, "num_statements": 26, "percent_covered": 92.3076923076923, "percent_covered_display": "92", "missing_lines": 2, "excluded_lines": 0}, "missing_lines": [324, 339], "excluded_lines": []}, "MetadataHandler.find_metadata_file": {"executed_lines": [], "summary": {"covered_lines": 0, "num_statements": 1, "percent_covered": 0.0, "percent_covered_display": "0", "missing_lines": 1, "excluded_lines": 0}, "missing_lines": [383], "excluded_lines": []}, "MetadataHandler.get_grid_dimensions": {"executed_lines": [], "summary": {"covered_lines": 0, "num_statements": 1, "percent_covered": 0.0, "percent_covered_display": "0", "missing_lines": 1, "excluded_lines": 0}, "missing_lines": [396], "excluded_lines": []}, "MetadataHandler.get_pixel_size": {"executed_lines": [], "summary": {"covered_lines": 0, "num_statements": 1, "percent_covered": 0.0, "percent_covered_display": "0", "missing_lines": 1, "excluded_lines": 0}, "missing_lines": [409], "excluded_lines": []}, "MicroscopeHandler._discover_handlers": {"executed_lines": [421, 422, 424, 425, 427, 430, 431, 432, 435, 436, 437, 440, 443, 444, 446, 447, 451, 452], "summary": {"covered_lines": 18, "num_statements": 20, "percent_covered": 90.0, "percent_covered_display": "90", "missing_lines": 2, "excluded_lines": 0}, "missing_lines": [448, 449], "excluded_lines": []}, "MicroscopeHandler.__init__": {"executed_lines": [456, 458, 459, 460], "summary": {"covered_lines": 4, "num_statements": 5, "percent_covered": 80.0, "percent_covered_display": "80", "missing_lines": 1, "excluded_lines": 0}, "missing_lines": [462], "excluded_lines": []}, "MicroscopeHandler._detect_microscope_type": {"executed_lines": [466, 469, 471, 473, 476, 477, 478, 479, 480, 481, 484, 485, 486, 487], "summary": {"covered_lines": 14, "num_statements": 20, "percent_covered": 70.0, "percent_covered_display": "70", "missing_lines": 6, "excluded_lines": 0}, "missing_lines": [467, 474, 489, 490, 491, 492], "excluded_lines": []}, "MicroscopeHandler._create_handlers": {"executed_lines": [496, 497, 499], "summary": {"covered_lines": 3, "num_statements": 3, "percent_covered": 100.0, "percent_covered_display": "100", "missing_lines": 0, "excluded_lines": 0}, "missing_lines": [], "excluded_lines": []}, "MicroscopeHandler.parse_filename": {"executed_lines": [506], "summary": {"covered_lines": 1, "num_statements": 1, "percent_covered": 100.0, "percent_covered_display": "100", "missing_lines": 0, "excluded_lines": 0}, "missing_lines": [], "excluded_lines": []}, "MicroscopeHandler.construct_filename": {"executed_lines": [514], "summary": {"covered_lines": 1, "num_statements": 1, "percent_covered": 100.0, "percent_covered_display": "100", "missing_lines": 0, "excluded_lines": 0}, "missing_lines": [], "excluded_lines": []}, "MicroscopeHandler.auto_detect_patterns": {"executed_lines": [521], "summary": {"covered_lines": 1, "num_statements": 1, "percent_covered": 100.0, "percent_covered_display": "100", "missing_lines": 0, "excluded_lines": 0}, "missing_lines": [], "excluded_lines": []}, "MicroscopeHandler.path_list_from_pattern": {"executed_lines": [], "summary": {"covered_lines": 0, "num_statements": 1, "percent_covered": 0.0, "percent_covered_display": "0", "missing_lines": 1, "excluded_lines": 0}, "missing_lines": [532], "excluded_lines": []}, "MicroscopeHandler.find_metadata_file": {"executed_lines": [], "summary": {"covered_lines": 0, "num_statements": 1, "percent_covered": 0.0, "percent_covered_display": "0", "missing_lines": 1, "excluded_lines": 0}, "missing_lines": [538], "excluded_lines": []}, "MicroscopeHandler.get_grid_dimensions": {"executed_lines": [542], "summary": {"covered_lines": 1, "num_statements": 1, "percent_covered": 100.0, "percent_covered_display": "100", "missing_lines": 0, "excluded_lines": 0}, "missing_lines": [], "excluded_lines": []}, "MicroscopeHandler.get_pixel_size": {"executed_lines": [546], "summary": {"covered_lines": 1, "num_statements": 1, "percent_covered": 100.0, "percent_covered_display": "100", "missing_lines": 0, "excluded_lines": 0}, "missing_lines": [], "excluded_lines": []}, "MicroscopeHandler.init_workspace": {"executed_lines": [561, 563, 564, 566, 567, 568, 570, 571, 574, 575, 576, 578, 579, 582, 583, 584, 587, 591, 592, 593, 594, 597, 598, 599, 603, 604, 607, 608, 609, 612, 617, 618, 619, 622, 623, 624, 627, 628, 629, 630, 631, 634, 636, 638, 639, 640, 645, 647, 650, 654, 655, 656, 657, 659, 660, 667, 668, 669, 672, 673, 674, 675, 676, 677, 680, 682, 684, 687, 690, 700, 701, 702, 704, 705, 706, 707, 708, 711, 712, 713, 715, 716, 718, 719, 723, 724, 727, 728, 730, 731, 735], "summary": {"covered_lines": 91, "num_statements": 100, "percent_covered": 91.0, "percent_covered_display": "91", "missing_lines": 9, "excluded_lines": 0}, "missing_lines": [646, 648, 720, 721, 732, 733, 734, 736, 737], "excluded_lines": []}, "create_microscope_handler": {"executed_lines": [741], "summary": {"covered_lines": 1, "num_statements": 1, "percent_covered": 100.0, "percent_covered_display": "100", "missing_lines": 0, "excluded_lines": 0}, "missing_lines": [], "excluded_lines": []}, "": {"executed_lines": [1, 8, 9, 10, 11, 12, 13, 14, 15, 16, 17, 18, 20, 23, 24, 29, 30, 32, 33, 34, 46, 47, 59, 60, 82, 140, 156, 191, 232, 305, 367, 368, 372, 373, 385, 386, 398, 399, 412, 413, 415, 416, 418, 419, 454, 464, 494, 504, 508, 518, 530, 536, 540, 544, 548, 739], "summary": {"covered_lines": 52, "num_statements": 52, "percent_covered": 100.0, "percent_covered_display": "100", "missing_lines": 0, "excluded_lines": 0}, "missing_lines": [], "excluded_lines": []}}, "classes": {"FilenameParser": {"executed_lines": [93, 96, 100, 101, 106, 107, 108, 109, 113, 114, 118, 119, 121, 122, 125, 126, 127, 129, 130, 133, 134, 138, 151, 152, 154, 168, 170, 172, 173, 175, 177, 178, 179, 180, 189, 209, 213, 215, 219, 220, 222, 225, 228, 230, 244, 245, 246, 248, 249, 252, 253, 254, 255, 258, 261, 262, 263, 266, 267, 268, 271, 279, 281, 285, 287, 290, 291, 292, 293, 296, 298, 299, 301, 303, 316, 319, 321, 322, 323, 327, 328, 329, 330, 332, 333, 336, 337, 338, 342, 345, 346, 347, 348, 349, 351, 354, 362, 364], "summary": {"covered_lines": 98, "num_statements": 125, "percent_covered": 78.4, "percent_covered_display": "78", "missing_lines": 27, "excluded_lines": 0}, "missing_lines": [44, 57, 80, 97, 102, 103, 110, 115, 135, 183, 184, 185, 186, 187, 210, 216, 226, 272, 273, 274, 275, 276, 282, 283, 294, 324, 339], "excluded_lines": []}, "MetadataHandler": {"executed_lines": [], "summary": {"covered_lines": 0, "num_statements": 3, "percent_covered": 0.0, "percent_covered_display": "0", "missing_lines": 3, "excluded_lines": 0}, "missing_lines": [383, 396, 409], "excluded_lines": []}, "MicroscopeHandler": {"executed_lines": [421, 422, 424, 425, 427, 430, 431, 432, 435, 436, 437, 440, 443, 444, 446, 447, 451, 452, 456, 458, 459, 460, 466, 469, 471, 473, 476, 477, 478, 479, 480, 481, 484, 485, 486, 487, 496, 497, 499, 506, 514, 521, 542, 546, 561, 563, 564, 566, 567, 568, 570, 571, 574, 575, 576, 578, 579, 582, 583, 584, 587, 591, 592, 593, 594, 597, 598, 599, 603, 604, 607, 608, 609, 612, 617, 618, 619, 622, 623, 624, 627, 628, 629, 630, 631, 634, 636, 638, 639, 640, 645, 647, 650, 654, 655, 656, 657, 659, 660, 667, 668, 669, 672, 673, 674, 675, 676, 677, 680, 682, 684, 687, 690, 700, 701, 702, 704, 705, 706, 707, 708, 711, 712, 713, 715, 716, 718, 719, 723, 724, 727, 728, 730, 731, 735], "summary": {"covered_lines": 135, "num_statements": 155, "percent_covered": 87.09677419354838, "percent_covered_display": "87", "missing_lines": 20, "excluded_lines": 0}, "missing_lines": [448, 449, 462, 467, 474, 489, 490, 491, 492, 532, 538, 646, 648, 720, 721, 732, 733, 734, 736, 737], "excluded_lines": []}, "": {"executed_lines": [1, 8, 9, 10, 11, 12, 13, 14, 15, 16, 17, 18, 20, 23, 24, 29, 30, 32, 33, 34, 46, 47, 59, 60, 82, 140, 156, 191, 232, 305, 367, 368, 372, 373, 385, 386, 398, 399, 412, 413, 415, 416, 418, 419, 454, 464, 494, 504, 508, 518, 530, 536, 540, 544, 548, 739, 741], "summary": {"covered_lines": 53, "num_statements": 53, "percent_covered": 100.0, "percent_covered_display": "100", "missing_lines": 0, "excluded_lines": 0}, "missing_lines": [], "excluded_lines": []}}}, "ezstitcher/core/opera_phenix_xml_parser.py": {"executed_lines": [1, 7, 8, 9, 10, 11, 12, 14, 17, 18, 20, 27, 28, 29, 30, 31, 33, 35, 36, 37, 40, 41, 43, 44, 49, 79, 89, 94, 96, 102, 104, 106, 107, 108, 109, 111, 117, 120, 121, 122, 124, 128, 130, 131, 132, 135, 136, 138, 149, 150, 151, 155, 156, 157, 160, 161, 164, 165, 168, 169, 170, 196, 205, 210, 211, 212, 214, 215, 216, 237, 275, 303, 308, 313, 320, 323, 325, 327, 328, 329, 331, 332, 333, 334, 335, 338, 339, 344, 346, 357, 361, 362, 365, 366, 368, 369, 370, 373, 374, 375, 376, 377, 378, 379, 383, 384, 385, 387, 389, 390, 391, 392, 394, 396, 404, 407, 410, 412, 423, 426], "summary": {"covered_lines": 118, "num_statements": 203, "percent_covered": 58.12807881773399, "percent_covered_display": "58", "missing_lines": 85, "excluded_lines": 0}, "missing_lines": [45, 46, 47, 56, 57, 59, 60, 61, 62, 64, 73, 74, 76, 77, 90, 91, 97, 98, 145, 146, 173, 175, 176, 179, 181, 182, 183, 186, 187, 188, 189, 190, 193, 194, 206, 207, 217, 218, 221, 222, 223, 225, 226, 227, 228, 229, 232, 233, 244, 245, 248, 249, 250, 251, 253, 254, 255, 256, 257, 268, 270, 271, 282, 283, 286, 287, 288, 289, 291, 292, 293, 294, 295, 297, 298, 300, 301, 305, 306, 310, 311, 340, 342, 358, 424], "excluded_lines": [], "functions": {"OperaPhenixXmlParser.__init__": {"executed_lines": [27, 28, 29, 30, 31], "summary": {"covered_lines": 5, "num_statements": 5, "percent_covered": 100.0, "percent_covered_display": "100", "missing_lines": 0, "excluded_lines": 0}, "missing_lines": [], "excluded_lines": []}, "OperaPhenixXmlParser._parse_xml": {"executed_lines": [35, 36, 37, 40, 41, 43, 44], "summary": {"covered_lines": 7, "num_statements": 10, "percent_covered": 70.0, "percent_covered_display": "70", "missing_lines": 3, "excluded_lines": 0}, "missing_lines": [45, 46, 47], "excluded_lines": []}, "OperaPhenixXmlParser.get_plate_info": {"executed_lines": [], "summary": {"covered_lines": 0, "num_statements": 11, "percent_covered": 0.0, "percent_covered_display": "0", "missing_lines": 11, "excluded_lines": 0}, "missing_lines": [56, 57, 59, 60, 61, 62, 64, 73, 74, 76, 77], "excluded_lines": []}, "OperaPhenixXmlParser.get_grid_size": {"executed_lines": [89, 94, 96, 102, 104, 106, 107, 108, 109, 111, 117, 120, 121, 122, 124, 128, 130, 131, 132, 135, 136, 138, 149, 150, 151, 155, 156, 157, 160, 161, 164, 165, 168, 169, 170], "summary": {"covered_lines": 35, "num_statements": 55, "percent_covered": 63.63636363636363, "percent_covered_display": "64", "missing_lines": 20, "excluded_lines": 0}, "missing_lines": [90, 91, 97, 98, 145, 146, 173, 175, 176, 179, 181, 182, 183, 186, 187, 188, 189, 190, 193, 194], "excluded_lines": []}, "OperaPhenixXmlParser.get_pixel_size": {"executed_lines": [205, 210, 211, 212, 214, 215, 216], "summary": {"covered_lines": 7, "num_statements": 21, "percent_covered": 33.333333333333336, "percent_covered_display": "33", "missing_lines": 14, "excluded_lines": 0}, "missing_lines": [206, 207, 217, 218, 221, 222, 223, 225, 226, 227, 228, 229, 232, 233], "excluded_lines": []}, "OperaPhenixXmlParser.get_image_info": {"executed_lines": [], "summary": {"covered_lines": 0, "num_statements": 14, "percent_covered": 0.0, "percent_covered_display": "0", "missing_lines": 14, "excluded_lines": 0}, "missing_lines": [244, 245, 248, 249, 250, 251, 253, 254, 255, 256, 257, 268, 270, 271], "excluded_lines": []}, "OperaPhenixXmlParser.get_well_positions": {"executed_lines": [], "summary": {"covered_lines": 0, "num_statements": 15, "percent_covered": 0.0, "percent_covered_display": "0", "missing_lines": 15, "excluded_lines": 0}, "missing_lines": [282, 283, 286, 287, 288, 289, 291, 292, 293, 294, 295, 297, 298, 300, 301], "excluded_lines": []}, "OperaPhenixXmlParser._get_element_text": {"executed_lines": [], "summary": {"covered_lines": 0, "num_statements": 2, "percent_covered": 0.0, "percent_covered_display": "0", "missing_lines": 2, "excluded_lines": 0}, "missing_lines": [305, 306], "excluded_lines": []}, "OperaPhenixXmlParser._get_element_attribute": {"executed_lines": [], "summary": {"covered_lines": 0, "num_statements": 2, "percent_covered": 0.0, "percent_covered_display": "0", "missing_lines": 2, "excluded_lines": 0}, "missing_lines": [310, 311], "excluded_lines": []}, "OperaPhenixXmlParser.get_field_positions": {"executed_lines": [320, 323, 325, 327, 328, 329, 331, 332, 333, 334, 335, 338, 339, 344], "summary": {"covered_lines": 14, "num_statements": 16, "percent_covered": 87.5, "percent_covered_display": "88", "missing_lines": 2, "excluded_lines": 0}, "missing_lines": [340, 342], "excluded_lines": []}, "OperaPhenixXmlParser.sort_fields_by_position": {"executed_lines": [357, 361, 362, 365, 366, 368, 369, 370, 373, 374, 375, 376, 377, 378, 379, 383, 384, 385, 387, 389, 390, 391, 392, 394], "summary": {"covered_lines": 24, "num_statements": 25, "percent_covered": 96.0, "percent_covered_display": "96", "missing_lines": 1, "excluded_lines": 0}, "missing_lines": [358], "excluded_lines": []}, "OperaPhenixXmlParser.get_field_id_mapping": {"executed_lines": [404, 407, 410], "summary": {"covered_lines": 3, "num_statements": 3, "percent_covered": 100.0, "percent_covered_display": "100", "missing_lines": 0, "excluded_lines": 0}, "missing_lines": [], "excluded_lines": []}, "OperaPhenixXmlParser.remap_field_id": {"executed_lines": [423, 426], "summary": {"covered_lines": 2, "num_statements": 3, "percent_covered": 66.66666666666667, "percent_covered_display": "67", "missing_lines": 1, "excluded_lines": 0}, "missing_lines": [424], "excluded_lines": []}, "": {"executed_lines": [1, 7, 8, 9, 10, 11, 12, 14, 17, 18, 20, 33, 49, 79, 196, 237, 275, 303, 308, 313, 346, 396, 412], "summary": {"covered_lines": 21, "num_statements": 21, "percent_covered": 100.0, "percent_covered_display": "100", "missing_lines": 0, "excluded_lines": 0}, "missing_lines": [], "excluded_lines": []}}, "classes": {"OperaPhenixXmlParser": {"executed_lines": [27, 28, 29, 30, 31, 35, 36, 37, 40, 41, 43, 44, 89, 94, 96, 102, 104, 106, 107, 108, 109, 111, 117, 120, 121, 122, 124, 128, 130, 131, 132, 135, 136, 138, 149, 150, 151, 155, 156, 157, 160, 161, 164, 165, 168, 169, 170, 205, 210, 211, 212, 214, 215, 216, 320, 323, 325, 327, 328, 329, 331, 332, 333, 334, 335, 338, 339, 344, 357, 361, 362, 365, 366, 368, 369, 370, 373, 374, 375, 376, 377, 378, 379, 383, 384, 385, 387, 389, 390, 391, 392, 394, 404, 407, 410, 423, 426], "summary": {"covered_lines": 97, "num_statements": 182, "percent_covered": 53.2967032967033, "percent_covered_display": "53", "missing_lines": 85, "excluded_lines": 0}, "missing_lines": [45, 46, 47, 56, 57, 59, 60, 61, 62, 64, 73, 74, 76, 77, 90, 91, 97, 98, 145, 146, 173, 175, 176, 179, 181, 182, 183, 186, 187, 188, 189, 190, 193, 194, 206, 207, 217, 218, 221, 222, 223, 225, 226, 227, 228, 229, 232, 233, 244, 245, 248, 249, 250, 251, 253, 254, 255, 256, 257, 268, 270, 271, 282, 283, 286, 287, 288, 289, 291, 292, 293, 294, 295, 297, 298, 300, 301, 305, 306, 310, 311, 340, 342, 358, 424], "excluded_lines": []}, "": {"executed_lines": [1, 7, 8, 9, 10, 11, 12, 14, 17, 18, 20, 33, 49, 79, 196, 237, 275, 303, 308, 313, 346, 396, 412], "summary": {"covered_lines": 21, "num_statements": 21, "percent_covered": 100.0, "percent_covered_display": "100", "missing_lines": 0, "excluded_lines": 0}, "missing_lines": [], "excluded_lines": []}}}, "ezstitcher/core/pipeline.py": {"executed_lines": [1, 10, 11, 12, 15, 16, 17, 20, 23, 24, 39, 57, 58, 59, 60, 61, 62, 65, 66, 67, 69, 79, 82, 83, 84, 88, 89, 90, 92, 94, 95, 96, 97, 99, 102, 103, 105, 116, 117, 119, 122, 124, 126, 128, 130, 132, 135, 137, 141, 142, 145, 151, 154, 157, 158, 159, 162, 163, 164, 165, 166, 169, 170, 171, 172, 174, 176, 179, 183, 184, 186, 199, 212, 238, 240, 241, 242, 244, 245, 246, 249, 250, 252, 255, 256, 257, 260, 268, 269, 270, 272, 273, 275, 292, 309, 310, 324, 342, 343, 344, 345, 346, 349, 350, 356], "summary": {"covered_lines": 102, "num_statements": 132, "percent_covered": 77.27272727272727, "percent_covered_display": "77", "missing_lines": 30, "excluded_lines": 0}, "missing_lines": [85, 133, 138, 146, 147, 148, 180, 196, 197, 209, 210, 243, 253, 285, 286, 287, 288, 289, 290, 299, 300, 301, 302, 365, 366, 368, 369, 370, 371, 372], "excluded_lines": [], "functions": {"Pipeline.__init__": {"executed_lines": [57, 58, 59, 60, 61, 62, 65, 66, 67], "summary": {"covered_lines": 9, "num_statements": 9, "percent_covered": 100.0, "percent_covered_display": "100", "missing_lines": 0, "excluded_lines": 0}, "missing_lines": [], "excluded_lines": []}, "Pipeline.add_step": {"executed_lines": [79, 82, 83, 84, 88, 89, 90], "summary": {"covered_lines": 7, "num_statements": 8, "percent_covered": 87.5, "percent_covered_display": "88", "missing_lines": 1, "excluded_lines": 0}, "missing_lines": [85], "excluded_lines": []}, "Pipeline._ensure_coherent_input_directory": {"executed_lines": [94, 95, 96, 97, 99, 102, 103], "summary": {"covered_lines": 7, "num_statements": 7, "percent_covered": 100.0, "percent_covered_display": "100", "missing_lines": 0, "excluded_lines": 0}, "missing_lines": [], "excluded_lines": []}, "Pipeline._check_directory_conflicts": {"executed_lines": [116, 117, 119], "summary": {"covered_lines": 3, "num_statements": 3, "percent_covered": 100.0, "percent_covered_display": "100", "missing_lines": 0, "excluded_lines": 0}, "missing_lines": [], "excluded_lines": []}, "Pipeline._set_stitching_step_output_directory": {"executed_lines": [124, 126, 128, 130, 132], "summary": {"covered_lines": 5, "num_statements": 6, "percent_covered": 83.33333333333333, "percent_covered_display": "83", "missing_lines": 1, "excluded_lines": 0}, "missing_lines": [133], "excluded_lines": []}, "Pipeline._set_step_output_directory": {"executed_lines": [137, 141, 142, 145, 151, 154, 157, 158, 159, 162, 163, 164, 165, 166, 169, 170, 171, 172, 174], "summary": {"covered_lines": 19, "num_statements": 23, "percent_covered": 82.6086956521739, "percent_covered_display": "83", "missing_lines": 4, "excluded_lines": 0}, "missing_lines": [138, 146, 147, 148], "excluded_lines": []}, "Pipeline._update_pipeline_directories": {"executed_lines": [179, 183, 184], "summary": {"covered_lines": 3, "num_statements": 4, "percent_covered": 75.0, "percent_covered_display": "75", "missing_lines": 1, "excluded_lines": 0}, "missing_lines": [180], "excluded_lines": []}, "Pipeline.set_input": {"executed_lines": [], "summary": {"covered_lines": 0, "num_statements": 2, "percent_covered": 0.0, "percent_covered_display": "0", "missing_lines": 2, "excluded_lines": 0}, "missing_lines": [196, 197], "excluded_lines": []}, "Pipeline.set_output": {"executed_lines": [], "summary": {"covered_lines": 0, "num_statements": 2, "percent_covered": 0.0, "percent_covered_display": "0", "missing_lines": 2, "excluded_lines": 0}, "missing_lines": [209, 210], "excluded_lines": []}, "Pipeline.run": {"executed_lines": [238, 240, 241, 242, 244, 245, 246, 249, 250, 252, 255, 256, 257, 260, 268, 269, 270, 272, 273], "summary": {"covered_lines": 19, "num_statements": 21, "percent_covered": 90.47619047619048, "percent_covered_display": "90", "missing_lines": 2, "excluded_lines": 0}, "missing_lines": [243, 253], "excluded_lines": []}, "Pipeline.collect_unique_dirs": {"executed_lines": [], "summary": {"covered_lines": 0, "num_statements": 6, "percent_covered": 0.0, "percent_covered_display": "0", "missing_lines": 6, "excluded_lines": 0}, "missing_lines": [285, 286, 287, 288, 289, 290], "excluded_lines": []}, "Pipeline.__repr__": {"executed_lines": [], "summary": {"covered_lines": 0, "num_statements": 4, "percent_covered": 0.0, "percent_covered_display": "0", "missing_lines": 4, "excluded_lines": 0}, "missing_lines": [299, 300, 301, 302], "excluded_lines": []}, "ProcessingContext.__init__": {"executed_lines": [342, 343, 344, 345, 346, 349, 350], "summary": {"covered_lines": 7, "num_statements": 7, "percent_covered": 100.0, "percent_covered_display": "100", "missing_lines": 0, "excluded_lines": 0}, "missing_lines": [], "excluded_lines": []}, "group_patterns_by": {"executed_lines": [], "summary": {"covered_lines": 0, "num_statements": 7, "percent_covered": 0.0, "percent_covered_display": "0", "missing_lines": 7, "excluded_lines": 0}, "missing_lines": [365, 366, 368, 369, 370, 371, 372], "excluded_lines": []}, "": {"executed_lines": [1, 10, 11, 12, 15, 16, 17, 20, 23, 24, 39, 69, 92, 105, 122, 135, 176, 186, 199, 212, 275, 292, 309, 310, 324, 356], "summary": {"covered_lines": 23, "num_statements": 23, "percent_covered": 100.0, "percent_covered_display": "100", "missing_lines": 0, "excluded_lines": 0}, "missing_lines": [], "excluded_lines": []}}, "classes": {"Pipeline": {"executed_lines": [57, 58, 59, 60, 61, 62, 65, 66, 67, 79, 82, 83, 84, 88, 89, 90, 94, 95, 96, 97, 99, 102, 103, 116, 117, 119, 124, 126, 128, 130, 132, 137, 141, 142, 145, 151, 154, 157, 158, 159, 162, 163, 164, 165, 166, 169, 170, 171, 172, 174, 179, 183, 184, 238, 240, 241, 242, 244, 245, 246, 249, 250, 252, 255, 256, 257, 260, 268, 269, 270, 272, 273], "summary": {"covered_lines": 72, "num_statements": 95, "percent_covered": 75.78947368421052, "percent_covered_display": "76", "missing_lines": 23, "excluded_lines": 0}, "missing_lines": [85, 133, 138, 146, 147, 148, 180, 196, 197, 209, 210, 243, 253, 285, 286, 287, 288, 289, 290, 299, 300, 301, 302], "excluded_lines": []}, "ProcessingContext": {"executed_lines": [342, 343, 344, 345, 346, 349, 350], "summary": {"covered_lines": 7, "num_statements": 7, "percent_covered": 100.0, "percent_covered_display": "100", "missing_lines": 0, "excluded_lines": 0}, "missing_lines": [], "excluded_lines": []}, "": {"executed_lines": [1, 10, 11, 12, 15, 16, 17, 20, 23, 24, 39, 69, 92, 105, 122, 135, 176, 186, 199, 212, 275, 292, 309, 310, 324, 356], "summary": {"covered_lines": 23, "num_statements": 30, "percent_covered": 76.66666666666667, "percent_covered_display": "77", "missing_lines": 7, "excluded_lines": 0}, "missing_lines": [365, 366, 368, 369, 370, 371, 372], "excluded_lines": []}}}, "ezstitcher/core/pipeline_orchestrator.py": {"executed_lines": [1, 2, 3, 4, 5, 6, 7, 10, 11, 12, 13, 14, 15, 16, 19, 21, 23, 25, 26, 28, 38, 40, 41, 44, 47, 50, 52, 53, 54, 55, 57, 58, 60, 61, 64, 65, 68, 79, 81, 82, 83, 84, 89, 92, 94, 96, 97, 101, 108, 111, 112, 113, 116, 118, 119, 124, 127, 128, 129, 130, 131, 139, 146, 156, 157, 158, 161, 163, 166, 167, 168, 169, 170, 173, 178, 180, 181, 183, 191, 192, 195, 196, 197, 203, 204, 205, 206, 211, 216, 222, 230, 232, 234, 244, 247, 248, 251, 252, 253, 259, 262, 263, 264, 265, 266, 267, 269, 272, 273, 275, 279, 284, 285, 286, 287, 289, 291, 295, 298, 299, 302, 312, 316, 318, 319, 320, 321, 322, 325, 326, 330, 333, 341, 343, 347, 348, 350, 353, 363, 367, 369, 370, 371, 374, 375, 378, 379, 382, 383, 387, 389, 391, 396, 397, 400], "summary": {"covered_lines": 154, "num_statements": 172, "percent_covered": 89.53488372093024, "percent_covered_display": "90", "missing_lines": 18, "excluded_lines": 0}, "missing_lines": [45, 99, 133, 134, 141, 142, 143, 144, 175, 176, 218, 296, 300, 327, 351, 384, 392, 393], "excluded_lines": [], "functions": {"PipelineOrchestrator.__init__": {"executed_lines": [38, 40, 41, 44, 47, 50, 52, 53, 54, 55, 57, 58, 60, 61, 64, 65], "summary": {"covered_lines": 16, "num_statements": 17, "percent_covered": 94.11764705882354, "percent_covered_display": "94", "missing_lines": 1, "excluded_lines": 0}, "missing_lines": [45], "excluded_lines": []}, "PipelineOrchestrator.run": {"executed_lines": [79, 81, 82, 83, 84, 89, 92, 94, 96, 97, 101, 108, 111, 112, 113, 116, 118, 119, 124, 127, 128, 129, 130, 131, 139], "summary": {"covered_lines": 25, "num_statements": 32, "percent_covered": 78.125, "percent_covered_display": "78", "missing_lines": 7, "excluded_lines": 0}, "missing_lines": [99, 133, 134, 141, 142, 143, 144], "excluded_lines": []}, "PipelineOrchestrator._get_wells_to_process": {"executed_lines": [156, 157, 158, 161, 163, 166, 167, 168, 169, 170, 173, 178, 180, 181], "summary": {"covered_lines": 14, "num_statements": 16, "percent_covered": 87.5, "percent_covered_display": "88", "missing_lines": 2, "excluded_lines": 0}, "missing_lines": [175, 176], "excluded_lines": []}, "PipelineOrchestrator.process_well": {"executed_lines": [191, 192, 195, 196, 197, 203, 204, 205, 206, 211, 216], "summary": {"covered_lines": 11, "num_statements": 12, "percent_covered": 91.66666666666667, "percent_covered_display": "92", "missing_lines": 1, "excluded_lines": 0}, "missing_lines": [218], "excluded_lines": []}, "PipelineOrchestrator.get_stitcher": {"executed_lines": [230, 232], "summary": {"covered_lines": 2, "num_statements": 2, "percent_covered": 100.0, "percent_covered_display": "100", "missing_lines": 0, "excluded_lines": 0}, "missing_lines": [], "excluded_lines": []}, "PipelineOrchestrator.prepare_images": {"executed_lines": [244, 247, 248, 251, 252, 253, 259, 262, 263, 264, 265, 266, 267, 269, 272, 273], "summary": {"covered_lines": 16, "num_statements": 16, "percent_covered": 100.0, "percent_covered_display": "100", "missing_lines": 0, "excluded_lines": 0}, "missing_lines": [], "excluded_lines": []}, "PipelineOrchestrator._get_patterns_for_well": {"executed_lines": [279, 284, 285, 286, 287, 289], "summary": {"covered_lines": 6, "num_statements": 6, "percent_covered": 100.0, "percent_covered_display": "100", "missing_lines": 0, "excluded_lines": 0}, "missing_lines": [], "excluded_lines": []}, "PipelineOrchestrator._get_reference_pattern": {"executed_lines": [295, 298, 299, 302], "summary": {"covered_lines": 4, "num_statements": 6, "percent_covered": 66.66666666666667, "percent_covered_display": "67", "missing_lines": 2, "excluded_lines": 0}, "missing_lines": [296, 300], "excluded_lines": []}, "PipelineOrchestrator.generate_positions": {"executed_lines": [316, 318, 319, 320, 321, 322, 325, 326, 330, 333, 341], "summary": {"covered_lines": 11, "num_statements": 12, "percent_covered": 91.66666666666667, "percent_covered_display": "92", "missing_lines": 1, "excluded_lines": 0}, "missing_lines": [327], "excluded_lines": []}, "PipelineOrchestrator._create_output_filename": {"executed_lines": [347, 348, 350, 353], "summary": {"covered_lines": 4, "num_statements": 5, "percent_covered": 80.0, "percent_covered_display": "80", "missing_lines": 1, "excluded_lines": 0}, "missing_lines": [351], "excluded_lines": []}, "PipelineOrchestrator.stitch_images": {"executed_lines": [367, 369, 370, 371, 374, 375, 378, 379, 382, 383, 387, 389, 391, 396, 397, 400], "summary": {"covered_lines": 16, "num_statements": 19, "percent_covered": 84.21052631578948, "percent_covered_display": "84", "missing_lines": 3, "excluded_lines": 0}, "missing_lines": [384, 392, 393], "excluded_lines": []}, "": {"executed_lines": [1, 2, 3, 4, 5, 6, 7, 10, 11, 12, 13, 14, 15, 16, 19, 21, 23, 25, 26, 28, 68, 146, 183, 222, 234, 275, 291, 312, 343, 363], "summary": {"covered_lines": 29, "num_statements": 29, "percent_covered": 100.0, "percent_covered_display": "100", "missing_lines": 0, "excluded_lines": 0}, "missing_lines": [], "excluded_lines": []}}, "classes": {"PipelineOrchestrator": {"executed_lines": [38, 40, 41, 44, 47, 50, 52, 53, 54, 55, 57, 58, 60, 61, 64, 65, 79, 81, 82, 83, 84, 89, 92, 94, 96, 97, 101, 108, 111, 112, 113, 116, 118, 119, 124, 127, 128, 129, 130, 131, 139, 156, 157, 158, 161, 163, 166, 167, 168, 169, 170, 173, 178, 180, 181, 191, 192, 195, 196, 197, 203, 204, 205, 206, 211, 216, 230, 232, 244, 247, 248, 251, 252, 253, 259, 262, 263, 264, 265, 266, 267, 269, 272, 273, 279, 284, 285, 286, 287, 289, 295, 298, 299, 302, 316, 318, 319, 320, 321, 322, 325, 326, 330, 333, 341, 347, 348, 350, 353, 367, 369, 370, 371, 374, 375, 378, 379, 382, 383, 387, 389, 391, 396, 397, 400], "summary": {"covered_lines": 125, "num_statements": 143, "percent_covered": 87.41258741258741, "percent_covered_display": "87", "missing_lines": 18, "excluded_lines": 0}, "missing_lines": [45, 99, 133, 134, 141, 142, 143, 144, 175, 176, 218, 296, 300, 327, 351, 384, 392, 393], "excluded_lines": []}, "": {"executed_lines": [1, 2, 3, 4, 5, 6, 7, 10, 11, 12, 13, 14, 15, 16, 19, 21, 23, 25, 26, 28, 68, 146, 183, 222, 234, 275, 291, 312, 343, 363], "summary": {"covered_lines": 29, "num_statements": 29, "percent_covered": 100.0, "percent_covered_display": "100", "missing_lines": 0, "excluded_lines": 0}, "missing_lines": [], "excluded_lines": []}}}, "ezstitcher/core/steps.py": {"executed_lines": [1, 8, 9, 10, 11, 14, 15, 16, 23, 25, 26, 27, 28, 29, 30, 33, 36, 37, 55, 81, 82, 83, 84, 85, 86, 87, 89, 97, 98, 99, 100, 101, 105, 110, 111, 112, 115, 117, 130, 133, 134, 135, 136, 137, 139, 144, 145, 148, 155, 156, 157, 160, 161, 164, 169, 170, 171, 172, 175, 177, 180, 181, 182, 187, 192, 193, 199, 200, 201, 204, 205, 208, 211, 212, 216, 218, 219, 234, 248, 250, 251, 253, 263, 277, 279, 281, 284, 285, 287, 291, 307, 308, 311, 312, 313, 314, 317, 319, 323, 326, 330, 351, 375, 379, 381, 383, 384, 387, 388, 390, 391, 392, 408, 420, 423, 425, 428, 429, 430, 433, 436, 441, 442, 443, 444, 445, 447, 453, 464, 489, 504, 505, 512, 526, 533, 537, 539, 544, 545, 546, 547, 550, 553, 554, 555, 558, 559, 566, 579, 587, 589, 599, 602, 603, 607, 608, 612, 614, 617, 618, 619, 620, 625, 629, 633, 640, 645], "summary": {"covered_lines": 163, "num_statements": 233, "percent_covered": 69.95708154506438, "percent_covered_display": "70", "missing_lines": 70, "excluded_lines": 0}, "missing_lines": [102, 106, 107, 140, 158, 183, 184, 185, 188, 194, 195, 196, 222, 223, 224, 227, 228, 229, 231, 232, 256, 261, 333, 334, 335, 340, 342, 343, 344, 349, 376, 395, 396, 398, 400, 401, 403, 405, 406, 421, 437, 438, 449, 450, 451, 460, 461, 462, 475, 476, 477, 480, 481, 482, 485, 487, 540, 541, 604, 609, 621, 622, 630, 654, 655, 657, 658, 659, 660, 661], "excluded_lines": [], "functions": {"Step.__init__": {"executed_lines": [81, 82, 83, 84, 85, 86, 87], "summary": {"covered_lines": 7, "num_statements": 7, "percent_covered": 100.0, "percent_covered_display": "100", "missing_lines": 0, "excluded_lines": 0}, "missing_lines": [], "excluded_lines": []}, "Step._generate_name": {"executed_lines": [97, 105, 110, 111, 112, 115], "summary": {"covered_lines": 6, "num_statements": 8, "percent_covered": 75.0, "percent_covered_display": "75", "missing_lines": 2, "excluded_lines": 0}, "missing_lines": [106, 107], "excluded_lines": []}, "Step._generate_name.get_func_name": {"executed_lines": [98, 99, 100, 101], "summary": {"covered_lines": 4, "num_statements": 5, "percent_covered": 80.0, "percent_covered_display": "80", "missing_lines": 1, "excluded_lines": 0}, "missing_lines": [102], "excluded_lines": []}, "Step.process": {"executed_lines": [130, 133, 134, 135, 136, 137, 139, 144, 145, 148, 155, 156, 157, 160, 161, 164, 169, 170, 171, 172, 175, 177, 180, 181, 182, 187, 192, 193, 199, 200, 201, 204, 205, 208, 211, 212], "summary": {"covered_lines": 36, "num_statements": 45, "percent_covered": 80.0, "percent_covered_display": "80", "missing_lines": 9, "excluded_lines": 0}, "missing_lines": [140, 158, 183, 184, 185, 188, 194, 195, 196], "excluded_lines": []}, "Step._ensure_2d": {"executed_lines": [218, 219], "summary": {"covered_lines": 2, "num_statements": 10, "percent_covered": 20.0, "percent_covered_display": "20", "missing_lines": 8, "excluded_lines": 0}, "missing_lines": [222, 223, 224, 227, 228, 229, 231, 232], "excluded_lines": []}, "Step._extract_function_and_args": {"executed_lines": [248, 250, 251, 253], "summary": {"covered_lines": 4, "num_statements": 6, "percent_covered": 66.66666666666667, "percent_covered_display": "67", "missing_lines": 2, "excluded_lines": 0}, "missing_lines": [256, 261], "excluded_lines": []}, "Step._apply_function_list": {"executed_lines": [277, 279, 281, 284, 285, 287], "summary": {"covered_lines": 6, "num_statements": 6, "percent_covered": 100.0, "percent_covered_display": "100", "missing_lines": 0, "excluded_lines": 0}, "missing_lines": [], "excluded_lines": []}, "Step._apply_single_function": {"executed_lines": [307, 308, 311, 312, 313, 314, 317, 319, 323, 326, 330], "summary": {"covered_lines": 11, "num_statements": 19, "percent_covered": 57.89473684210526, "percent_covered_display": "58", "missing_lines": 8, "excluded_lines": 0}, "missing_lines": [333, 334, 335, 340, 342, 343, 344, 349], "excluded_lines": []}, "Step._apply_processing": {"executed_lines": [375, 379, 381, 383, 384, 387, 388, 390, 391, 392], "summary": {"covered_lines": 10, "num_statements": 19, "percent_covered": 52.63157894736842, "percent_covered_display": "53", "missing_lines": 9, "excluded_lines": 0}, "missing_lines": [376, 395, 396, 398, 400, 401, 403, 405, 406], "excluded_lines": []}, "Step._save_images": {"executed_lines": [420, 423, 425, 428, 429, 430, 433, 436, 441, 442, 443, 444, 445, 447], "summary": {"covered_lines": 14, "num_statements": 20, "percent_covered": 70.0, "percent_covered_display": "70", "missing_lines": 6, "excluded_lines": 0}, "missing_lines": [421, 437, 438, 449, 450, 451], "excluded_lines": []}, "Step.__repr__": {"executed_lines": [], "summary": {"covered_lines": 0, "num_statements": 3, "percent_covered": 0.0, "percent_covered_display": "0", "missing_lines": 3, "excluded_lines": 0}, "missing_lines": [460, 461, 462], "excluded_lines": []}, "Step._context_wrapper": {"executed_lines": [], "summary": {"covered_lines": 0, "num_statements": 8, "percent_covered": 0.0, "percent_covered_display": "0", "missing_lines": 8, "excluded_lines": 0}, "missing_lines": [475, 476, 477, 480, 481, 482, 485, 487], "excluded_lines": []}, "Step._process_with_context": {"executed_lines": [], "summary": {"covered_lines": 0, "num_statements": 0, "percent_covered": 100.0, "percent_covered_display": "100", "missing_lines": 0, "excluded_lines": 0}, "missing_lines": [], "excluded_lines": []}, "PositionGenerationStep.__init__": {"executed_lines": [526], "summary": {"covered_lines": 1, "num_statements": 1, "percent_covered": 100.0, "percent_covered_display": "100", "missing_lines": 0, "excluded_lines": 0}, "missing_lines": [], "excluded_lines": []}, "PositionGenerationStep.process": {"executed_lines": [537, 539, 544, 545, 546, 547, 550, 553, 554, 555], "summary": {"covered_lines": 10, "num_statements": 12, "percent_covered": 83.33333333333333, "percent_covered_display": "83", "missing_lines": 2, "excluded_lines": 0}, "missing_lines": [540, 541], "excluded_lines": []}, "ImageStitchingStep.__init__": {"executed_lines": [579, 587], "summary": {"covered_lines": 2, "num_statements": 2, "percent_covered": 100.0, "percent_covered_display": "100", "missing_lines": 0, "excluded_lines": 0}, "missing_lines": [], "excluded_lines": []}, "ImageStitchingStep.process": {"executed_lines": [599, 602, 603, 607, 608, 612, 614, 617, 618, 619, 620, 625, 629, 633, 640], "summary": {"covered_lines": 15, "num_statements": 20, "percent_covered": 75.0, "percent_covered_display": "75", "missing_lines": 5, "excluded_lines": 0}, "missing_lines": [604, 609, 621, 622, 630], "excluded_lines": []}, "group_patterns_by": {"executed_lines": [], "summary": {"covered_lines": 0, "num_statements": 7, "percent_covered": 0.0, "percent_covered_display": "0", "missing_lines": 7, "excluded_lines": 0}, "missing_lines": [654, 655, 657, 658, 659, 660, 661], "excluded_lines": []}, "": {"executed_lines": [1, 8, 9, 10, 11, 14, 15, 16, 23, 25, 26, 27, 28, 29, 30, 33, 36, 37, 55, 89, 117, 216, 234, 263, 291, 351, 408, 453, 464, 489, 504, 505, 512, 533, 558, 559, 566, 589, 645], "summary": {"covered_lines": 35, "num_statements": 35, "percent_covered": 100.0, "percent_covered_display": "100", "missing_lines": 0, "excluded_lines": 0}, "missing_lines": [], "excluded_lines": []}}, "classes": {"Step": {"executed_lines": [81, 82, 83, 84, 85, 86, 87, 97, 98, 99, 100, 101, 105, 110, 111, 112, 115, 130, 133, 134, 135, 136, 137, 139, 144, 145, 148, 155, 156, 157, 160, 161, 164, 169, 170, 171, 172, 175, 177, 180, 181, 182, 187, 192, 193, 199, 200, 201, 204, 205, 208, 211, 212, 218, 219, 248, 250, 251, 253, 277, 279, 281, 284, 285, 287, 307, 308, 311, 312, 313, 314, 317, 319, 323, 326, 330, 375, 379, 381, 383, 384, 387, 388, 390, 391, 392, 420, 423, 425, 428, 429, 430, 433, 436, 441, 442, 443, 444, 445, 447], "summary": {"covered_lines": 100, "num_statements": 156, "percent_covered": 64.1025641025641, "percent_covered_display": "64", "missing_lines": 56, "excluded_lines": 0}, "missing_lines": [102, 106, 107, 140, 158, 183, 184, 185, 188, 194, 195, 196, 222, 223, 224, 227, 228, 229, 231, 232, 256, 261, 333, 334, 335, 340, 342, 343, 344, 349, 376, 395, 396, 398, 400, 401, 403, 405, 406, 421, 437, 438, 449, 450, 451, 460, 461, 462, 475, 476, 477, 480, 481, 482, 485, 487], "excluded_lines": []}, "PositionGenerationStep": {"executed_lines": [526, 537, 539, 544, 545, 546, 547, 550, 553, 554, 555], "summary": {"covered_lines": 11, "num_statements": 13, "percent_covered": 84.61538461538461, "percent_covered_display": "85", "missing_lines": 2, "excluded_lines": 0}, "missing_lines": [540, 541], "excluded_lines": []}, "ImageStitchingStep": {"executed_lines": [579, 587, 599, 602, 603, 607, 608, 612, 614, 617, 618, 619, 620, 625, 629, 633, 640], "summary": {"covered_lines": 17, "num_statements": 22, "percent_covered": 77.27272727272727, "percent_covered_display": "77", "missing_lines": 5, "excluded_lines": 0}, "missing_lines": [604, 609, 621, 622, 630], "excluded_lines": []}, "": {"executed_lines": [1, 8, 9, 10, 11, 14, 15, 16, 23, 25, 26, 27, 28, 29, 30, 33, 36, 37, 55, 89, 117, 216, 234, 263, 291, 351, 408, 453, 464, 489, 504, 505, 512, 533, 558, 559, 566, 589, 645], "summary": {"covered_lines": 35, "num_statements": 42, "percent_covered": 83.33333333333333, "percent_covered_display": "83", "missing_lines": 7, "excluded_lines": 0}, "missing_lines": [654, 655, 657, 658, 659, 660, 661], "excluded_lines": []}}}, "ezstitcher/core/stitcher.py": {"executed_lines": [1, 7, 8, 9, 10, 11, 12, 14, 15, 16, 18, 19, 20, 21, 23, 29, 30, 34, 42, 43, 44, 46, 53, 54, 58, 59, 64, 67, 68, 70, 71, 72, 73, 75, 81, 82, 85, 103, 105, 123, 124, 125, 128, 129, 130, 135, 138, 139, 142, 152, 155, 159, 171, 178, 181, 186, 193, 196, 199, 202, 204, 205, 207, 208, 209, 211, 212, 223, 224, 225, 226, 227, 231, 232, 233, 234, 235, 236, 237, 238, 240, 241, 252, 254, 257, 258, 263, 279, 281, 284, 285, 286, 287, 290, 291, 296, 297, 300, 303, 304, 305, 310, 311, 315, 316, 319, 320, 322, 323, 324, 325, 328, 329, 330, 333, 334, 337, 340, 341, 344, 345, 350, 354, 359, 360, 363, 364, 365, 366, 367, 368, 371, 379, 388, 389, 390, 391, 394, 395, 398, 399, 402, 403, 407, 410, 411, 413, 415, 416, 417], "summary": {"covered_lines": 148, "num_statements": 174, "percent_covered": 85.05747126436782, "percent_covered_display": "85", "missing_lines": 26, "excluded_lines": 0}, "missing_lines": [55, 61, 145, 146, 147, 148, 149, 156, 228, 259, 260, 261, 292, 293, 298, 306, 307, 312, 313, 346, 347, 351, 352, 355, 356, 405], "excluded_lines": [], "functions": {"Stitcher.__init__": {"executed_lines": [42, 43, 44], "summary": {"covered_lines": 3, "num_statements": 3, "percent_covered": 100.0, "percent_covered_display": "100", "missing_lines": 0, "excluded_lines": 0}, "missing_lines": [], "excluded_lines": []}, "Stitcher.generate_positions_df": {"executed_lines": [53, 54, 58, 59, 64, 67, 68, 70, 71, 72, 73, 75, 81, 82], "summary": {"covered_lines": 14, "num_statements": 16, "percent_covered": 87.5, "percent_covered_display": "88", "missing_lines": 2, "excluded_lines": 0}, "missing_lines": [55, 61], "excluded_lines": []}, "Stitcher.generate_positions": {"executed_lines": [103], "summary": {"covered_lines": 1, "num_statements": 1, "percent_covered": 100.0, "percent_covered_display": "100", "missing_lines": 0, "excluded_lines": 0}, "missing_lines": [], "excluded_lines": []}, "Stitcher._generate_positions_ashlar": {"executed_lines": [123, 124, 125, 128, 129, 130, 135, 138, 139, 142, 152, 155, 159, 171, 178, 181, 186, 193, 196, 199, 202, 204, 205, 207, 208, 209], "summary": {"covered_lines": 26, "num_statements": 32, "percent_covered": 81.25, "percent_covered_display": "81", "missing_lines": 6, "excluded_lines": 0}, "missing_lines": [145, 146, 147, 148, 149, 156], "excluded_lines": []}, "Stitcher.parse_positions_csv": {"executed_lines": [223, 224, 225, 226, 227, 231, 232, 233, 234, 235, 236, 237, 238], "summary": {"covered_lines": 13, "num_statements": 14, "percent_covered": 92.85714285714286, "percent_covered_display": "93", "missing_lines": 1, "excluded_lines": 0}, "missing_lines": [228], "excluded_lines": []}, "Stitcher.save_positions_df": {"executed_lines": [252, 254, 257, 258], "summary": {"covered_lines": 4, "num_statements": 7, "percent_covered": 57.142857142857146, "percent_covered_display": "57", "missing_lines": 3, "excluded_lines": 0}, "missing_lines": [259, 260, 261], "excluded_lines": []}, "Stitcher.assemble_image": {"executed_lines": [279, 281, 284, 285, 286, 287, 290, 291, 296, 297, 300, 303, 304, 305, 310, 311, 315, 316, 319, 320, 322, 323, 324, 325, 328, 329, 330, 333, 334, 337, 340, 341, 344, 345, 350, 354, 359, 360, 363, 364, 365, 366, 367, 368, 371, 379, 388, 389, 390, 391, 394, 395, 398, 399, 402, 403, 407, 410, 411, 413, 415, 416, 417], "summary": {"covered_lines": 63, "num_statements": 77, "percent_covered": 81.81818181818181, "percent_covered_display": "82", "missing_lines": 14, "excluded_lines": 0}, "missing_lines": [292, 293, 298, 306, 307, 312, 313, 346, 347, 351, 352, 355, 356, 405], "excluded_lines": []}, "": {"executed_lines": [1, 7, 8, 9, 10, 11, 12, 14, 15, 16, 18, 19, 20, 21, 23, 29, 30, 34, 46, 85, 105, 211, 212, 240, 241, 263], "summary": {"covered_lines": 24, "num_statements": 24, "percent_covered": 100.0, "percent_covered_display": "100", "missing_lines": 0, "excluded_lines": 0}, "missing_lines": [], "excluded_lines": []}}, "classes": {"Stitcher": {"executed_lines": [42, 43, 44, 53, 54, 58, 59, 64, 67, 68, 70, 71, 72, 73, 75, 81, 82, 103, 123, 124, 125, 128, 129, 130, 135, 138, 139, 142, 152, 155, 159, 171, 178, 181, 186, 193, 196, 199, 202, 204, 205, 207, 208, 209, 223, 224, 225, 226, 227, 231, 232, 233, 234, 235, 236, 237, 238, 252, 254, 257, 258, 279, 281, 284, 285, 286, 287, 290, 291, 296, 297, 300, 303, 304, 305, 310, 311, 315, 316, 319, 320, 322, 323, 324, 325, 328, 329, 330, 333, 334, 337, 340, 341, 344, 345, 350, 354, 359, 360, 363, 364, 365, 366, 367, 368, 371, 379, 388, 389, 390, 391, 394, 395, 398, 399, 402, 403, 407, 410, 411, 413, 415, 416, 417], "summary": {"covered_lines": 124, "num_statements": 150, "percent_covered": 82.66666666666667, "percent_covered_display": "83", "missing_lines": 26, "excluded_lines": 0}, "missing_lines": [55, 61, 145, 146, 147, 148, 149, 156, 228, 259, 260, 261, 292, 293, 298, 306, 307, 312, 313, 346, 347, 351, 352, 355, 356, 405], "excluded_lines": []}, "": {"executed_lines": [1, 7, 8, 9, 10, 11, 12, 14, 15, 16, 18, 19, 20, 21, 23, 29, 30, 34, 46, 85, 105, 211, 212, 240, 241, 263], "summary": {"covered_lines": 24, "num_statements": 24, "percent_covered": 100.0, "percent_covered_display": "100", "missing_lines": 0, "excluded_lines": 0}, "missing_lines": [], "excluded_lines": []}}}, "ezstitcher/core/utils.py": {"executed_lines": [1, 5, 6, 7, 8, 9, 10, 12, 15, 16, 17, 19, 28, 37, 39, 40, 41, 43, 54, 55, 56, 58, 59, 62, 65, 67, 68, 69, 71, 74, 75, 77, 80, 81, 83, 93, 94, 95, 97, 99, 100, 103, 104, 107, 108, 110, 120, 121, 123, 126, 128, 130, 137, 138, 139, 141, 142, 143, 144, 145, 152, 161, 162, 165, 166, 168, 169, 170, 171, 172, 174, 178, 179, 180, 209, 216, 218, 220, 221, 222, 224, 225, 226, 228, 229, 230, 232, 233, 238, 239, 240, 242, 245, 248, 272, 275, 276, 279, 280, 282, 283, 285, 294, 296, 298, 299, 304, 307, 309, 311, 314, 315, 316, 318, 321, 333, 334, 336, 337, 340, 341, 344, 345, 346, 351, 354, 355, 359], "summary": {"covered_lines": 127, "num_statements": 156, "percent_covered": 81.41025641025641, "percent_covered_display": "81", "missing_lines": 29, "excluded_lines": 0}, "missing_lines": [26, 35, 127, 175, 183, 184, 185, 186, 187, 189, 190, 193, 194, 195, 196, 198, 199, 234, 235, 236, 287, 292, 301, 338, 348, 349, 350, 356, 357], "excluded_lines": [], "functions": {"get_thread_activity": {"executed_lines": [], "summary": {"covered_lines": 0, "num_statements": 1, "percent_covered": 0.0, "percent_covered_display": "0", "missing_lines": 1, "excluded_lines": 0}, "missing_lines": [26], "excluded_lines": []}, "get_active_threads": {"executed_lines": [], "summary": {"covered_lines": 0, "num_statements": 1, "percent_covered": 0.0, "percent_covered_display": "0", "missing_lines": 1, "excluded_lines": 0}, "missing_lines": [35], "excluded_lines": []}, "clear_thread_activity": {"executed_lines": [39, 40, 41], "summary": {"covered_lines": 3, "num_statements": 3, "percent_covered": 100.0, "percent_covered_display": "100", "missing_lines": 0, "excluded_lines": 0}, "missing_
[...]
 194, 195, 196, 198, 199, 234, 235, 236, 287, 292, 301, 338, 348, 349, 350, 356, 357], "excluded_lines": []}}}, "ezstitcher/microscopes/__init__.py": {"executed_lines": [1, 9, 10], "summary": {"covered_lines": 2, "num_statements": 2, "percent_covered": 100.0, "percent_covered_display": "100", "missing_lines": 0, "excluded_lines": 0}, "missing_lines": [], "excluded_lines": [], "functions": {"": {"executed_lines": [1, 9, 10], "summary": {"covered_lines": 2, "num_statements": 2, "percent_covered": 100.0, "percent_covered_display": "100", "missing_lines": 0, "excluded_lines": 0}, "missing_lines": [], "excluded_lines": []}}, "classes": {"": {"executed_lines": [1, 9, 10], "summary": {"covered_lines": 2, "num_statements": 2, "percent_covered": 100.0, "percent_covered_display": "100", "missing_lines": 0, "excluded_lines": 0}, "missing_lines": [], "excluded_lines": []}}}, "ezstitcher/microscopes/imagexpress.py": {"executed_lines": [1, 8, 9, 10, 11, 12, 13, 15, 16, 17, 19, 22, 23, 33, 35, 36, 47, 49, 51, 61, 62, 64, 65, 68, 69, 70, 71, 74, 82, 87, 107, 110, 111, 112, 114, 117, 119, 120, 122, 123, 125, 128, 130, 131, 134, 135, 141, 151, 154, 155, 156, 157, 158, 163, 173, 175, 177, 178, 179, 183, 184, 187, 191, 192, 193, 194, 195, 203, 215, 216, 218, 220, 221, 223, 225, 230, 231, 240], "summary": {"covered_lines": 75, "num_statements": 94, "percent_covered": 79.7872340425532, "percent_covered_display": "80", "missing_lines": 19, "excluded_lines": 0}, "missing_lines": [84, 85, 108, 159, 161, 188, 189, 196, 197, 200, 201, 226, 227, 233, 234, 236, 237, 245, 256], "excluded_lines": [], "functions": {"ImageXpressFilenameParser.can_parse": {"executed_lines": [47, 49], "summary": {"covered_lines": 2, "num_statements": 2, "percent_covered": 100.0, "percent_covered_display": "100", "missing_lines": 0, "excluded_lines": 0}, "missing_lines": [], "excluded_lines": []}, "ImageXpressFilenameParser.parse_filename": {"executed_lines": [61, 62, 64, 65, 68, 69, 70, 71, 74, 82], "summary": {"covered_lines": 10, "num_statements": 12, "percent_covered": 83.33333333333333, "percent_covered_display": "83", "missing_lines": 2, "excluded_lines": 0}, "missing_lines": [84, 85], "excluded_lines": []}, "ImageXpressFilenameParser.construct_filename": {"executed_lines": [107, 110, 111, 112, 114, 117, 119, 120, 122, 123, 125, 128, 130, 131], "summary": {"covered_lines": 14, "num_statements": 15, "percent_covered": 93.33333333333333, "percent_covered_display": "93", "missing_lines": 1, "excluded_lines": 0}, "missing_lines": [108], "excluded_lines": []}, "ImageXpressMetadataHandler.find_metadata_file": {"executed_lines": [151, 154, 155, 156, 157, 158], "summary": {"covered_lines": 6, "num_statements": 8, "percent_covered": 75.0, "percent_covered_display": "75", "missing_lines": 2, "excluded_lines": 0}, "missing_lines": [159, 161], "excluded_lines": []}, "ImageXpressMetadataHandler.get_grid_dimensions": {"executed_lines": [173, 175, 177, 178, 179, 183, 184, 187, 191, 192, 193, 194, 195], "summary": {"covered_lines": 13, "num_statements": 19, "percent_covered": 68.42105263157895, "percent_covered_display": "68", "missing_lines": 6, "excluded_lines": 0}, "missing_lines": [188, 189, 196, 197, 200, 201], "excluded_lines": []}, "ImageXpressMetadataHandler.get_pixel_size": {"executed_lines": [215, 216, 218, 220, 221, 223, 225, 230, 231, 240], "summary": {"covered_lines": 10, "num_statements": 18, "percent_covered": 55.55555555555556, "percent_covered_display": "56", "missing_lines": 8, "excluded_lines": 0}, "missing_lines": [226, 227, 233, 234, 236, 237, 245, 256], "excluded_lines": []}, "": {"executed_lines": [1, 8, 9, 10, 11, 12, 13, 15, 16, 17, 19, 22, 23, 33, 35, 36, 51, 87, 134, 135, 141, 163, 203], "summary": {"covered_lines": 20, "num_statements": 20, "percent_covered": 100.0, "percent_covered_display": "100", "missing_lines": 0, "excluded_lines": 0}, "missing_lines": [], "excluded_lines": []}}, "classes": {"ImageXpressFilenameParser": {"executed_lines": [47, 49, 61, 62, 64, 65, 68, 69, 70, 71, 74, 82, 107, 110, 111, 112, 114, 117, 119, 120, 122, 123, 125, 128, 130, 131], "summary": {"covered_lines": 26, "num_statements": 29, "percent_covered": 89.65517241379311, "percent_covered_display": "90", "missing_lines": 3, "excluded_lines": 0}, "missing_lines": [84, 85, 108], "excluded_lines": []}, "ImageXpressMetadataHandler": {"executed_lines": [151, 154, 155, 156, 157, 158, 173, 175, 177, 178, 179, 183, 184, 187, 191, 192, 193, 194, 195, 215, 216, 218, 220, 221, 223, 225, 230, 231, 240], "summary": {"covered_lines": 29, "num_statements": 45, "percent_covered": 64.44444444444444, "percent_covered_display": "64", "missing_lines": 16, "excluded_lines": 0}, "missing_lines": [159, 161, 188, 189, 196, 197, 200, 201, 226, 227, 233, 234, 236, 237, 245, 256], "excluded_lines": []}, "": {"executed_lines": [1, 8, 9, 10, 11, 12, 13, 15, 16, 17, 19, 22, 23, 33, 35, 36, 51, 87, 134, 135, 141, 163, 203], "summary": {"covered_lines": 20, "num_statements": 20, "percent_covered": 100.0, "percent_covered_display": "100", "missing_lines": 0, "excluded_lines": 0}, "missing_lines": [], "excluded_lines": []}}}, "ezstitcher/microscopes/opera_phenix.py": {"executed_lines": [1, 8, 9, 10, 11, 12, 14, 15, 16, 18, 21, 22, 30, 33, 35, 36, 47, 49, 51, 62, 65, 66, 67, 70, 73, 76, 77, 78, 80, 88, 92, 112, 113, 115, 116, 121, 122, 125, 127, 130, 132, 134, 137, 139, 141, 152, 156, 157, 161, 162, 166, 177, 178, 184, 194, 196, 206, 208, 209, 211, 212, 214, 215, 216, 224, 234, 236, 237, 239, 240, 242, 243, 244, 252, 262], "summary": {"covered_lines": 72, "num_statements": 84, "percent_covered": 85.71428571428571, "percent_covered_display": "86", "missing_lines": 12, "excluded_lines": 0}, "missing_lines": [90, 118, 153, 158, 217, 218, 221, 222, 245, 246, 249, 250], "excluded_lines": [], "functions": {"OperaPhenixFilenameParser.can_parse": {"executed_lines": [47, 49], "summary": {"covered_lines": 2, "num_statements": 2, "percent_covered": 100.0, "percent_covered_display": "100", "missing_lines": 0, "excluded_lines": 0}, "missing_lines": [], "excluded_lines": []}, "OperaPhenixFilenameParser.parse_filename": {"executed_lines": [62, 65, 66, 67, 70, 73, 76, 77, 78, 80, 88], "summary": {"covered_lines": 11, "num_statements": 12, "percent_covered": 91.66666666666667, "percent_covered_display": "92", "missing_lines": 1, "excluded_lines": 0}, "missing_lines": [90], "excluded_lines": []}, "OperaPhenixFilenameParser.construct_filename": {"executed_lines": [112, 113, 115, 116, 121, 122, 125, 127, 130, 132, 134, 137, 139], "summary": {"covered_lines": 13, "num_statements": 14, "percent_covered": 92.85714285714286, "percent_covered_display": "93", "missing_lines": 1, "excluded_lines": 0}, "missing_lines": [118], "excluded_lines": []}, "OperaPhenixFilenameParser.remap_field_in_filename": {"executed_lines": [152, 156, 157, 161, 162, 166], "summary": {"covered_lines": 6, "num_statements": 8, "percent_covered": 75.0, "percent_covered_display": "75", "missing_lines": 2, "excluded_lines": 0}, "missing_lines": [153, 158], "excluded_lines": []}, "OperaPhenixMetadataHandler.find_metadata_file": {"executed_lines": [194], "summary": {"covered_lines": 1, "num_statements": 1, "percent_covered": 100.0, "percent_covered_display": "100", "missing_lines": 0, "excluded_lines": 0}, "missing_lines": [], "excluded_lines": []}, "OperaPhenixMetadataHandler.get_grid_dimensions": {"executed_lines": [206, 208, 209, 211, 212, 214, 215, 216], "summary": {"covered_lines": 8, "num_statements": 12, "percent_covered": 66.66666666666667, "percent_covered_display": "67", "missing_lines": 4, "excluded_lines": 0}, "missing_lines": [217, 218, 221, 222], "excluded_lines": []}, "OperaPhenixMetadataHandler.get_pixel_size": {"executed_lines": [234, 236, 237, 239, 240, 242, 243, 244], "summary": {"covered_lines": 8, "num_statements": 12, "percent_covered": 66.66666666666667, "percent_covered_display": "67", "missing_lines": 4, "excluded_lines": 0}, "missing_lines": [245, 246, 249, 250], "excluded_lines": []}, "OperaPhenixMetadataHandler.create_xml_parser": {"executed_lines": [262], "summary": {"covered_lines": 1, "num_statements": 1, "percent_covered": 100.0, "percent_covered_display": "100", "missing_lines": 0, "excluded_lines": 0}, "missing_lines": [], "excluded_lines": []}, "": {"executed_lines": [1, 8, 9, 10, 11, 12, 14, 15, 16, 18, 21, 22, 30, 33, 35, 36, 51, 92, 141, 177, 178, 184, 196, 224, 252], "summary": {"covered_lines": 22, "num_statements": 22, "percent_covered": 100.0, "percent_covered_display": "100", "missing_lines": 0, "excluded_lines": 0}, "missing_lines": [], "excluded_lines": []}}, "classes": {"OperaPhenixFilenameParser": {"executed_lines": [47, 49, 62, 65, 66, 67, 70, 73, 76, 77, 78, 80, 88, 112, 113, 115, 116, 121, 122, 125, 127, 130, 132, 134, 137, 139, 152, 156, 157, 161, 162, 166], "summary": {"covered_lines": 32, "num_statements": 36, "percent_covered": 88.88888888888889, "percent_covered_display": "89", "missing_lines": 4, "excluded_lines": 0}, "missing_lines": [90, 118, 153, 158], "excluded_lines": []}, "OperaPhenixMetadataHandler": {"executed_lines": [194, 206, 208, 209, 211, 212, 214, 215, 216, 234, 236, 237, 239, 240, 242, 243, 244, 262], "summary": {"covered_lines": 18, "num_statements": 26, "percent_covered": 69.23076923076923, "percent_covered_display": "69", "missing_lines": 8, "excluded_lines": 0}, "missing_lines": [217, 218, 221, 222, 245, 246, 249, 250], "excluded_lines": []}, "": {"executed_lines": [1, 8, 9, 10, 11, 12, 14, 15, 16, 18, 21, 22, 30, 33, 35, 36, 51, 92, 141, 177, 178, 184, 196, 224, 252], "summary": {"covered_lines": 22, "num_statements": 22, "percent_covered": 100.0, "percent_covered_display": "100", "missing_lines": 0, "excluded_lines": 0}, "missing_lines": [], "excluded_lines": []}}}, "ezstitcher/tests/__init__.py": {"executed_lines": [0], "summary": {"covered_lines": 0, "num_statements": 0, "percent_covered": 100.0, "percent_covered_display": "100", "missing_lines": 0, "excluded_lines": 0}, "missing_lines": [], "excluded_lines": [], "functions": {"": {"executed_lines": [], "summary": {"covered_lines": 0, "num_statements": 0, "percent_covered": 100.0, "percent_covered_display": "100", "missing_lines": 0, "excluded_lines": 0}, "missing_lines": [], "excluded_lines": []}}, "classes": {"": {"executed_lines": [], "summary": {"covered_lines": 0, "num_statements": 0, "percent_covered": 100.0, "percent_covered_display": "100", "missing_lines": 0, "excluded_lines": 0}, "missing_lines": [], "excluded_lines": []}}}, "ezstitcher/tests/generators/__init__.py": {"executed_lines": [0], "summary": {"covered_lines": 0, "num_statements": 0, "percent_covered": 100.0, "percent_covered_display": "100", "missing_lines": 0, "excluded_lines": 0}, "missing_lines": [], "excluded_lines": [], "functions": {"": {"executed_lines": [], "summary": {"covered_lines": 0, "num_statements": 0, "percent_covered": 100.0, "percent_covered_display": "100", "missing_lines": 0, "excluded_lines": 0}, "missing_lines": [], "excluded_lines": []}}, "classes": {"": {"executed_lines": [], "summary": {"covered_lines": 0, "num_statements": 0, "percent_covered": 100.0, "percent_covered_display": "100", "missing_lines": 0, "excluded_lines": 0}, "missing_lines": [], "excluded_lines": []}}}, "ezstitcher/tests/generators/generate_synthetic_data.py": {"executed_lines": [2, 18, 19, 20, 21, 22, 23, 24, 25, 26, 29, 30, 32, 105, 106, 107, 108, 109, 112, 113, 114, 117, 118, 119, 120, 121, 122, 123, 124, 125, 126, 127, 130, 131, 133, 139, 140, 142, 148, 151, 154, 157, 164, 165, 166, 169, 170, 171, 174, 175, 179, 180, 186, 191, 192, 196, 198, 199, 202, 203, 206, 208, 209, 212, 213, 216, 217, 220, 221, 224, 225, 226, 228, 238, 241, 242, 243, 246, 247, 248, 249, 251, 260, 273, 276, 277, 280, 282, 283, 284, 287, 288, 290, 291, 294, 295, 296, 299, 301, 302, 304, 309, 319, 322, 325, 329, 332, 335, 336, 337, 338, 340, 343, 345, 348, 349, 352, 360, 364, 365, 366, 369, 373, 374, 375, 378, 380, 384, 387, 389, 391, 394, 397, 400, 411, 412, 413, 414, 415, 416, 419, 420, 421, 424, 425, 426, 427, 428, 431, 432, 435, 436, 437, 440, 441, 444, 445, 448, 449, 450, 452, 454, 457, 460, 461, 464, 465, 469, 470, 471, 472, 473, 477, 480, 483, 498, 499, 501, 504, 505, 508, 509, 510, 511, 513, 516, 544, 545, 546, 547, 549, 550, 551, 576, 584, 585, 587, 588, 592, 593, 595, 597, 598, 600, 602, 605, 608, 631, 636, 637, 639, 641, 655, 656, 659, 660, 663, 664, 665, 667, 669, 671, 672, 673, 674, 675, 678, 679, 682, 683, 686, 694, 695, 696, 697, 699, 700, 704, 705, 707, 708, 711, 712, 714, 715, 718, 720, 723, 724, 725, 726, 727, 730, 733, 734, 737, 738, 740, 743, 744, 747, 748, 751, 752, 753, 755, 758, 764, 768, 772, 773, 774, 775, 778, 781, 782, 783, 786, 787, 790, 791, 794, 795, 796, 798, 801, 807, 811, 815, 816, 817, 818, 821, 824, 825, 827, 830, 953], "summary": {"covered_lines": 296, "num_statements": 375, "percent_covered": 78.93333333333334, "percent_covered_display": "79", "missing_lines": 79, "excluded_lines": 0}, "missing_lines": [116, 134, 136, 143, 145, 158, 159, 307, 687, 688, 689, 690, 831, 833, 834, 835, 836, 837, 838, 839, 840, 841, 842, 843, 844, 846, 848, 849, 850, 851, 853, 857, 859, 861, 863, 865, 867, 869, 872, 874, 876, 878, 880, 882, 885, 888, 891, 892, 893, 894, 895, 896, 897, 898, 899, 900, 901, 902, 903, 905, 906, 909, 910, 911, 912, 913, 914, 915, 916, 917, 918, 919, 920, 921, 923, 924, 927, 950, 954], "excluded_lines": [], "functions": {"SyntheticMicroscopyGenerator.__init__": {"executed_lines": [105, 106, 107, 108, 109, 112, 113, 114, 117, 118, 119, 120, 121, 122, 123, 124, 125, 126, 127, 130, 131, 133, 139, 140, 142, 148, 151, 154, 157, 164, 165, 166, 169, 170, 171, 174, 175, 179, 180, 186, 191, 192, 196, 198, 199, 202, 203, 206, 208, 209, 212, 213, 216, 217, 220, 221, 224, 225, 226, 228, 238, 241, 242, 243, 246, 247, 248, 249, 251], "summary": {"covered_lines": 69, "num_statements": 76, "percent_covered": 90.78947368421052, "percent_covered_display": "91", "missing_lines": 7, "excluded_lines": 0}, "missing_lines": [116, 134, 136, 143, 145, 158, 159], "excluded_lines": []}, "SyntheticMicroscopyGenerator.generate_cell_image": {"executed_lines": [273, 276, 277, 280, 282, 283, 284, 287, 288, 290, 291, 294, 295, 296, 299, 301, 302, 304, 309, 319, 322, 325, 329, 332, 335, 336, 337, 338, 340, 343, 345, 348, 349, 352, 360, 364, 365, 366, 369, 373, 374, 375, 378, 380], "summary": {"covered_lines": 44, "num_statements": 45, "percent_covered": 97.77777777777777, "percent_covered_display": "98", "missing_lines": 1, "excluded_lines": 0}, "missing_lines": [307], "excluded_lines": []}, "SyntheticMicroscopyGenerator.generate_htd_file": {"executed_lines": [387, 389, 391, 394, 397, 400, 411, 412, 413, 414, 415, 416, 419, 420, 421, 424, 425, 426, 427, 428, 431, 432, 435, 436, 437, 440, 441, 444, 445, 448, 449, 450, 452], "summary": {"covered_lines": 33, "num_statements": 33, "percent_covered": 100.0, "percent_covered_display": "100", "missing_lines": 0, "excluded_lines": 0}, "missing_lines": [], "excluded_lines": []}, "SyntheticMicroscopyGenerator.generate_opera_phenix_index_xml": {"executed_lines": [457, 460, 461, 464, 465, 469, 470, 471, 472, 473, 477, 480, 483, 498, 499, 501, 504, 505, 508, 509, 510, 511, 513, 516, 544, 545, 546, 547, 549, 550, 551, 576, 584, 585, 587, 588, 592, 593, 595, 597, 598, 600, 602, 605, 608, 631, 636, 637, 639], "summary": {"covered_lines": 49, "num_statements": 49, "percent_covered": 100.0, "percent_covered_display": "100", "missing_lines": 0, "excluded_lines": 0}, "missing_lines": [], "excluded_lines": []}, "SyntheticMicroscopyGenerator._calculate_image_size": {"executed_lines": [655, 656, 659, 660, 663, 664, 665, 667], "summary": {"covered_lines": 8, "num_statements": 8, "percent_covered": 100.0, "percent_covered_display": "100", "missing_lines": 0, "excluded_lines": 0}, "missing_lines": [], "excluded_lines": []}, "SyntheticMicroscopyGenerator.generate_dataset": {"executed_lines": [671, 672, 673, 674, 675, 678, 679, 682, 683, 686, 694, 695, 696, 697, 699, 700, 704, 705, 707, 708, 711, 712, 714, 715, 718, 720, 723, 724, 725, 726, 727, 730, 733, 734, 737, 738, 740, 743, 744, 747, 748, 751, 752, 753, 755, 758, 764, 768, 772, 773, 774, 775, 778, 781, 782, 783, 786, 787, 790, 791, 794, 795, 796, 798, 801, 807, 811, 815, 816, 817, 818, 821, 824, 825, 827], "summary": {"covered_lines": 75, "num_statements": 79, "percent_covered": 94.9367088607595, "percent_covered_display": "95", "missing_lines": 4, "excluded_lines": 0}, "missing_lines": [687, 688, 689, 690], "excluded_lines": []}, "main": {"executed_lines": [], "summary": {"covered_lines": 0, "num_statements": 66, "percent_covered": 0.0, "percent_covered_display": "0", "missing_lines": 66, "excluded_lines": 0}, "missing_lines": [831, 833, 834, 835, 836, 837, 838, 839, 840, 841, 842, 843, 844, 846, 848, 849, 850, 851, 853, 857, 859, 861, 863, 865, 867, 869, 872, 874, 876, 878, 880, 882, 885, 888, 891, 892, 893, 894, 895, 896, 897, 898, 899, 900, 901, 902, 903, 905, 906, 909, 910, 911, 912, 913, 914, 915, 916, 917, 918, 919, 920, 921, 923, 924, 927, 950], "excluded_lines": []}, "": {"executed_lines": [2, 18, 19, 20, 21, 22, 23, 24, 25, 26, 29, 30, 32, 260, 384, 454, 641, 669, 830, 953], "summary": {"covered_lines": 18, "num_statements": 19, "percent_covered": 94.73684210526316, "percent_covered_display": "95", "missing_lines": 1, "excluded_lines": 0}, "missing_lines": [954], "excluded_lines": []}}, "classes": {"SyntheticMicroscopyGenerator": {"executed_lines": [105, 106, 107, 108, 109, 112, 113, 114, 117, 118, 119, 120, 121, 122, 123, 124, 125, 126, 127, 130, 131, 133, 139, 140, 142, 148, 151, 154, 157, 164, 165, 166, 169, 170, 171, 174, 175, 179, 180, 186, 191, 192, 196, 198, 199, 202, 203, 206, 208, 209, 212, 213, 216, 217, 220, 221, 224, 225, 226, 228, 238, 241, 242, 243, 246, 247, 248, 249, 251, 273, 276, 277, 280, 282, 283, 284, 287, 288, 290, 291, 294, 295, 296, 299, 301, 302, 304, 309, 319, 322, 325, 329, 332, 335, 336, 337, 338, 340, 343, 345, 348, 349, 352, 360, 364, 365, 366, 369, 373, 374, 375, 378, 380, 387, 389, 391, 394, 397, 400, 411, 412, 413, 414, 415, 416, 419, 420, 421, 424, 425, 426, 427, 428, 431, 432, 435, 436, 437, 440, 441, 444, 445, 448, 449, 450, 452, 457, 460, 461, 464, 465, 469, 470, 471, 472, 473, 477, 480, 483, 498, 499, 501, 504, 505, 508, 509, 510, 511, 513, 516, 544, 545, 546, 547, 549, 550, 551, 576, 584, 585, 587, 588, 592, 593, 595, 597, 598, 600, 602, 605, 608, 631, 636, 637, 639, 655, 656, 659, 660, 663, 664, 665, 667, 671, 672, 673, 674, 675, 678, 679, 682, 683, 686, 694, 695, 696, 697, 699, 700, 704, 705, 707, 708, 711, 712, 714, 715, 718, 720, 723, 724, 725, 726, 727, 730, 733, 734, 737, 738, 740, 743, 744, 747, 748, 751, 752, 753, 755, 758, 764, 768, 772, 773, 774, 775, 778, 781, 782, 783, 786, 787, 790, 791, 794, 795, 796, 798, 801, 807, 811, 815, 816, 817, 818, 821, 824, 825, 827], "summary": {"covered_lines": 278, "num_statements": 290, "percent_covered": 95.86206896551724, "percent_covered_display": "96", "missing_lines": 12, "excluded_lines": 0}, "missing_lines": [116, 134, 136, 143, 145, 158, 159, 307, 687, 688, 689, 690], "excluded_lines": []}, "": {"executed_lines": [2, 18, 19, 20, 21, 22, 23, 24, 25, 26, 29, 30, 32, 260, 384, 454, 641, 669, 830, 953], "summary": {"covered_lines": 18, "num_statements": 85, "percent_covered": 21.176470588235293, "percent_covered_display": "21", "missing_lines": 67, "excluded_lines": 0}, "missing_lines": [831, 833, 834, 835, 836, 837, 838, 839, 840, 841, 842, 843, 844, 846, 848, 849, 850, 851, 853, 857, 859, 861, 863, 865, 867, 869, 872, 874, 876, 878, 880, 882, 885, 888, 891, 892, 893, 894, 895, 896, 897, 898, 899, 900, 901, 902, 903, 905, 906, 909, 910, 911, 912, 913, 914, 915, 916, 917, 918, 919, 920, 921, 923, 924, 927, 950, 954], "excluded_lines": []}}}}, "totals": {"covered_lines": 1933, "num_statements": 2616, "percent_covered": 73.8914373088685, "percent_covered_display": "74", "missing_lines": 683, "excluded_lines": 0}}